2026-03-11 22:33:52 - INFO - [TecnoempleoScraper] - ************** Intento 1 de scrapear Tecnoempleo  ********************************
2026-03-11 22:33:52 - INFO - [TecnoempleoScraper] - El json control_ejecusiones cargo correctamente
2026-03-11 22:33:52 - INFO - [TecnoempleoScraper] - Ultima vez que se scrapeo Tecnoempleo fue 2025-09-19
2026-03-11 22:33:52 - INFO - [TecnoempleoScraper] - Iniciando scraping en plataforma: Tecnoempleo
2026-03-11 22:33:53 - INFO - [TecnoempleoScraper] - Pagina 1 cargada correctamente - URL: https://www.tecnoempleo.com/ofertas-trabajo/
2026-03-11 22:34:24 - INFO - [TecnoempleoScraper] - Pagina 2 cargada correctamente - URL: https://www.tecnoempleo.com/ofertas-trabajo/?pagina=2
2026-03-11 22:34:55 - INFO - [TecnoempleoScraper] - Pagina 3 cargada correctamente - URL: https://www.tecnoempleo.com/ofertas-trabajo/?pagina=3
2026-03-11 22:35:26 - INFO - [TecnoempleoScraper] - Pagina 4 cargada correctamente - URL: https://www.tecnoempleo.com/ofertas-trabajo/?pagina=4
2026-03-11 22:35:56 - INFO - [TecnoempleoScraper] - Pagina 5 cargada correctamente - URL: https://www.tecnoempleo.com/ofertas-trabajo/?pagina=5
2026-03-11 22:36:27 - INFO - [TecnoempleoScraper] - Pagina 6 cargada correctamente - URL: https://www.tecnoempleo.com/ofertas-trabajo/?pagina=6
2026-03-11 22:36:58 - INFO - [TecnoempleoScraper] - Pagina 7 cargada correctamente - URL: https://www.tecnoempleo.com/ofertas-trabajo/?pagina=7
2026-03-11 22:37:28 - INFO - [TecnoempleoScraper] - Pagina 8 cargada correctamente - URL: https://www.tecnoempleo.com/ofertas-trabajo/?pagina=8
2026-03-11 22:37:59 - INFO - [TecnoempleoScraper] - Pagina 9 cargada correctamente - URL: https://www.tecnoempleo.com/ofertas-trabajo/?pagina=9
2026-03-11 22:38:30 - INFO - [TecnoempleoScraper] - Pagina 10 cargada correctamente - URL: https://www.tecnoempleo.com/ofertas-trabajo/?pagina=10
2026-03-11 22:39:01 - INFO - [TecnoempleoScraper] - Pagina 11 cargada correctamente - URL: https://www.tecnoempleo.com/ofertas-trabajo/?pagina=11
2026-03-11 22:39:31 - INFO - [TecnoempleoScraper] - Pagina 12 cargada correctamente - URL: https://www.tecnoempleo.com/ofertas-trabajo/?pagina=12
2026-03-11 22:40:03 - INFO - [TecnoempleoScraper] - Pagina 13 cargada correctamente - URL: https://www.tecnoempleo.com/ofertas-trabajo/?pagina=13
2026-03-11 22:40:33 - INFO - [TecnoempleoScraper] - Pagina 14 cargada correctamente - URL: https://www.tecnoempleo.com/ofertas-trabajo/?pagina=14
2026-03-11 22:40:34 - INFO - [TecnoempleoScraper] - Scraping finalizado. Datos guardados en: data/historico_scraping/Tecnoempleo_2026-03-11.csv
2026-03-11 22:40:34 - INFO - [TecnoempleoScraper] - Se actualizo la fecha de la ultima vez scraper a --> 2026-03-11
2026-03-11 22:40:34 - INFO - [TecnoempleoScraper] - Se ha actualizado el archivo -->  control_ejecusiones.json
