2025-12-09 22:23:03 - INFO - [RandstadScraper] - ***********  Intento 1 de scrapear Randstad  ********************
2025-12-09 22:23:03 - INFO - [RandstadScraper] - El json control_ejecusiones cargo correctamente
2025-12-09 22:23:03 - INFO - [RandstadScraper] - Ultima vez que se scrapeo Randstad fue 2025-09-19
2025-12-09 22:23:03 - INFO - [RandstadScraper] - Iniciando scraping en plataforma: Randstad
2025-12-09 22:24:03 - WARNING - [RandstadScraper] - No se pudo cargar la pagina 1 - URL: https://www.randstad.es/candidatos/ofertas-empleo/sa-1100/st-3/jp-50/
2025-12-09 22:26:03 - WARNING - [RandstadScraper] - No se pudo cargar la pagina 1 - URL: https://www.randstad.es/candidatos/ofertas-empleo/sa-1100/st-3/jp-50/
2025-12-09 22:28:04 - WARNING - [RandstadScraper] - No se pudo cargar la pagina 1 - URL: https://www.randstad.es/candidatos/ofertas-empleo/sa-1100/st-3/jp-50/
2025-12-09 22:30:04 - WARNING - [RandstadScraper] - No se pudo cargar la pagina 1 - URL: https://www.randstad.es/candidatos/ofertas-empleo/sa-1100/st-3/jp-50/
2025-12-09 22:32:05 - WARNING - [RandstadScraper] - No se pudo cargar la pagina 1 - URL: https://www.randstad.es/candidatos/ofertas-empleo/sa-1100/st-3/jp-50/
2025-12-09 22:34:05 - WARNING - [RandstadScraper] - No se pudo cargar la pagina 1 - URL: https://www.randstad.es/candidatos/ofertas-empleo/sa-1100/st-3/jp-50/
2025-12-09 22:36:05 - WARNING - [RandstadScraper] - No se pudo cargar la pagina 1 - URL: https://www.randstad.es/candidatos/ofertas-empleo/sa-1100/st-3/jp-50/
2025-12-09 22:37:44 - INFO - [RandstadScraper] - Pagina 1 cargada correctamente - URL: https://www.randstad.es/candidatos/ofertas-empleo/sa-1100/st-3/jp-50/
2025-12-09 22:38:25 - WARNING - [RandstadScraper] - No se pudo cargar la pagina 2 - URL: https://www.randstad.es/candidatos/ofertas-empleo/sa-1100/st-3/jp-50/pg-2/
2025-12-09 22:40:38 - INFO - [RandstadScraper] - Pagina 2 cargada correctamente - URL: https://www.randstad.es/candidatos/ofertas-empleo/sa-1100/st-3/jp-50/pg-2/
2025-12-09 22:41:32 - INFO - [RandstadScraper] - Pagina 3 cargada correctamente - URL: https://www.randstad.es/candidatos/ofertas-empleo/sa-1100/st-3/jp-50/pg-3/
2025-12-09 22:42:25 - INFO - [RandstadScraper] - Pagina 4 cargada correctamente - URL: https://www.randstad.es/candidatos/ofertas-empleo/sa-1100/st-3/jp-50/pg-4/
2025-12-09 22:43:14 - INFO - [RandstadScraper] - Pagina 5 cargada correctamente - URL: https://www.randstad.es/candidatos/ofertas-empleo/sa-1100/st-3/jp-50/pg-5/
2025-12-09 22:44:23 - INFO - [RandstadScraper] - Pagina 6 cargada correctamente - URL: https://www.randstad.es/candidatos/ofertas-empleo/sa-1100/st-3/jp-50/pg-6/
2025-12-09 22:44:23 - INFO - [RandstadScraper] - Scraping finalizado. Datos guardados en: data/historico_scraping/Randstad_2025-12-09.csv
2025-12-09 22:44:23 - INFO - [RandstadScraper] - Se actualizo la fecha de la ultima vez scraper a --> 2025-12-09
2025-12-09 22:44:23 - INFO - [RandstadScraper] - Se ha actualizado el archivo -->  control_ejecusiones.json
