2025-11-10 22:22:08 - INFO - [RandstadScraper] - ***********  Intento 1 de scrapear Randstad  ********************
2025-11-10 22:22:08 - INFO - [RandstadScraper] - El json control_ejecusiones cargo correctamente
2025-11-10 22:22:08 - INFO - [RandstadScraper] - Ultima vez que se scrapeo Randstad fue 2025-09-19
2025-11-10 22:22:08 - INFO - [RandstadScraper] - Iniciando scraping en plataforma: Randstad
2025-11-10 22:22:52 - INFO - [RandstadScraper] - Pagina 1 cargada correctamente - URL: https://www.randstad.es/candidatos/ofertas-empleo/sa-1100/st-3/jp-50/
2025-11-10 22:23:25 - INFO - [RandstadScraper] - Pagina 2 cargada correctamente - URL: https://www.randstad.es/candidatos/ofertas-empleo/sa-1100/st-3/jp-50/pg-2/
2025-11-10 22:24:38 - INFO - [RandstadScraper] - Pagina 3 cargada correctamente - URL: https://www.randstad.es/candidatos/ofertas-empleo/sa-1100/st-3/jp-50/pg-3/
2025-11-10 22:25:11 - INFO - [RandstadScraper] - Pagina 4 cargada correctamente - URL: https://www.randstad.es/candidatos/ofertas-empleo/sa-1100/st-3/jp-50/pg-4/
2025-11-10 22:26:42 - WARNING - [RandstadScraper] - No se pudo cargar la pagina 5 - URL: https://www.randstad.es/candidatos/ofertas-empleo/sa-1100/st-3/jp-50/pg-5/
2025-11-10 22:28:15 - INFO - [RandstadScraper] - Pagina 5 cargada correctamente - URL: https://www.randstad.es/candidatos/ofertas-empleo/sa-1100/st-3/jp-50/pg-5/
2025-11-10 22:29:46 - WARNING - [RandstadScraper] - No se pudo cargar la pagina 6 - URL: https://www.randstad.es/candidatos/ofertas-empleo/sa-1100/st-3/jp-50/pg-6/
2025-11-10 22:32:17 - WARNING - [RandstadScraper] - No se pudo cargar la pagina 6 - URL: https://www.randstad.es/candidatos/ofertas-empleo/sa-1100/st-3/jp-50/pg-6/
2025-11-10 22:34:47 - WARNING - [RandstadScraper] - No se pudo cargar la pagina 6 - URL: https://www.randstad.es/candidatos/ofertas-empleo/sa-1100/st-3/jp-50/pg-6/
2025-11-10 22:37:00 - INFO - [RandstadScraper] - Pagina 6 cargada correctamente - URL: https://www.randstad.es/candidatos/ofertas-empleo/sa-1100/st-3/jp-50/pg-6/
2025-11-10 22:38:31 - WARNING - [RandstadScraper] - No se pudo cargar la pagina 7 - URL: https://www.randstad.es/candidatos/ofertas-empleo/sa-1100/st-3/jp-50/pg-7/
2025-11-10 22:41:02 - WARNING - [RandstadScraper] - No se pudo cargar la pagina 7 - URL: https://www.randstad.es/candidatos/ofertas-empleo/sa-1100/st-3/jp-50/pg-7/
2025-11-10 22:43:32 - WARNING - [RandstadScraper] - No se pudo cargar la pagina 7 - URL: https://www.randstad.es/candidatos/ofertas-empleo/sa-1100/st-3/jp-50/pg-7/
2025-11-10 22:46:03 - WARNING - [RandstadScraper] - No se pudo cargar la pagina 7 - URL: https://www.randstad.es/candidatos/ofertas-empleo/sa-1100/st-3/jp-50/pg-7/
2025-11-10 22:48:34 - WARNING - [RandstadScraper] - No se pudo cargar la pagina 7 - URL: https://www.randstad.es/candidatos/ofertas-empleo/sa-1100/st-3/jp-50/pg-7/
2025-11-10 22:51:04 - WARNING - [RandstadScraper] - No se pudo cargar la pagina 7 - URL: https://www.randstad.es/candidatos/ofertas-empleo/sa-1100/st-3/jp-50/pg-7/
2025-11-10 22:53:34 - WARNING - [RandstadScraper] - No se pudo cargar la pagina 7 - URL: https://www.randstad.es/candidatos/ofertas-empleo/sa-1100/st-3/jp-50/pg-7/
2025-11-10 22:56:05 - WARNING - [RandstadScraper] - No se pudo cargar la pagina 7 - URL: https://www.randstad.es/candidatos/ofertas-empleo/sa-1100/st-3/jp-50/pg-7/
2025-11-10 22:58:36 - WARNING - [RandstadScraper] - No se pudo cargar la pagina 7 - URL: https://www.randstad.es/candidatos/ofertas-empleo/sa-1100/st-3/jp-50/pg-7/
2025-11-10 23:01:06 - WARNING - [RandstadScraper] - No se pudo cargar la pagina 7 - URL: https://www.randstad.es/candidatos/ofertas-empleo/sa-1100/st-3/jp-50/pg-7/
2025-11-10 23:02:39 - INFO - [RandstadScraper] - Pagina 7 cargada correctamente - URL: https://www.randstad.es/candidatos/ofertas-empleo/sa-1100/st-3/jp-50/pg-7/
2025-11-10 23:04:09 - WARNING - [RandstadScraper] - No se pudo cargar la pagina 8 - URL: https://www.randstad.es/candidatos/ofertas-empleo/sa-1100/st-3/jp-50/pg-8/
2025-11-10 23:06:40 - WARNING - [RandstadScraper] - No se pudo cargar la pagina 8 - URL: https://www.randstad.es/candidatos/ofertas-empleo/sa-1100/st-3/jp-50/pg-8/
2025-11-10 23:09:11 - WARNING - [RandstadScraper] - No se pudo cargar la pagina 8 - URL: https://www.randstad.es/candidatos/ofertas-empleo/sa-1100/st-3/jp-50/pg-8/
2025-11-10 23:10:44 - INFO - [RandstadScraper] - Pagina 8 cargada correctamente - URL: https://www.randstad.es/candidatos/ofertas-empleo/sa-1100/st-3/jp-50/pg-8/
2025-11-10 23:10:44 - INFO - [RandstadScraper] - Scraping finalizado. Datos guardados en: data/historico_scraping/Randstad_2025-11-10.csv
2025-11-10 23:10:44 - INFO - [RandstadScraper] - Se actualizo la fecha de la ultima vez scraper a --> 2025-11-10
2025-11-10 23:10:44 - INFO - [RandstadScraper] - Se ha actualizado el archivo -->  control_ejecusiones.json
