2026-03-05 22:58:40 - INFO - [TrabajoscomScraper] - **********   Intento 1 de scrapear Trabajoscom  ********************************
2026-03-05 22:58:40 - INFO - [TrabajoscomScraper] - El json control_ejecusiones cargo correctamente
2026-03-05 22:58:40 - INFO - [TrabajoscomScraper] - Ultima vez que se scrapeo Trabajoscom fue 2026-03-05
2026-03-05 22:58:40 - INFO - [TrabajoscomScraper] - Iniciando scraping en plataforma: Trabajoscom
2026-03-05 22:58:42 - INFO - [TrabajoscomScraper] - Pagina 1 cargada correctamente - URL: https://www.trabajos.com/ofertas-empleo/
2026-03-05 22:59:13 - INFO - [TrabajoscomScraper] - Pagina 2 cargada correctamente - URL: https://www.trabajos.com/ofertas-empleo/?CADENA=&IDPAIS=100&=NO&ORD=F&FPV=&MT-FPV=NO&FPB=&MT-FPB=NO&FAR=&MT-FAR=NO&FPF=&MT-FPF=NO&FEM=&MT-FEM=NO&FXM-S-MIN=-1&FXM-S-MAX=-1&FSM-S-MIN=-1&FSM-S-MAX=-1&FSM-TP=A&FJL=&MT-FJL=NO&FTC=&MT-FTC=NO&FBL=&MT-FBL=NO&DESDE=41#google_vignette
2026-03-05 22:59:45 - INFO - [TrabajoscomScraper] - Pagina 3 cargada correctamente - URL: https://www.trabajos.com/ofertas-empleo/?CADENA=&IDPAIS=100&=NO&ORD=F&FPV=&MT-FPV=NO&FPB=&MT-FPB=NO&FAR=&MT-FAR=NO&FPF=&MT-FPF=NO&FEM=&MT-FEM=NO&FXM-S-MIN=-1&FXM-S-MAX=-1&FSM-S-MIN=-1&FSM-S-MAX=-1&FSM-TP=A&FJL=&MT-FJL=NO&FTC=&MT-FTC=NO&FBL=&MT-FBL=NO&DESDE=81#google_vignette
2026-03-05 23:00:16 - INFO - [TrabajoscomScraper] - Pagina 4 cargada correctamente - URL: https://www.trabajos.com/ofertas-empleo/?CADENA=&IDPAIS=100&=NO&ORD=F&FPV=&MT-FPV=NO&FPB=&MT-FPB=NO&FAR=&MT-FAR=NO&FPF=&MT-FPF=NO&FEM=&MT-FEM=NO&FXM-S-MIN=-1&FXM-S-MAX=-1&FSM-S-MIN=-1&FSM-S-MAX=-1&FSM-TP=A&FJL=&MT-FJL=NO&FTC=&MT-FTC=NO&FBL=&MT-FBL=NO&DESDE=121#google_vignette
2026-03-05 23:00:48 - INFO - [TrabajoscomScraper] - Pagina 5 cargada correctamente - URL: https://www.trabajos.com/ofertas-empleo/?CADENA=&IDPAIS=100&=NO&ORD=F&FPV=&MT-FPV=NO&FPB=&MT-FPB=NO&FAR=&MT-FAR=NO&FPF=&MT-FPF=NO&FEM=&MT-FEM=NO&FXM-S-MIN=-1&FXM-S-MAX=-1&FSM-S-MIN=-1&FSM-S-MAX=-1&FSM-TP=A&FJL=&MT-FJL=NO&FTC=&MT-FTC=NO&FBL=&MT-FBL=NO&DESDE=161#google_vignette
2026-03-05 23:01:19 - INFO - [TrabajoscomScraper] - Pagina 6 cargada correctamente - URL: https://www.trabajos.com/ofertas-empleo/?CADENA=&IDPAIS=100&=NO&ORD=F&FPV=&MT-FPV=NO&FPB=&MT-FPB=NO&FAR=&MT-FAR=NO&FPF=&MT-FPF=NO&FEM=&MT-FEM=NO&FXM-S-MIN=-1&FXM-S-MAX=-1&FSM-S-MIN=-1&FSM-S-MAX=-1&FSM-TP=A&FJL=&MT-FJL=NO&FTC=&MT-FTC=NO&FBL=&MT-FBL=NO&DESDE=201#google_vignette
2026-03-05 23:01:51 - INFO - [TrabajoscomScraper] - Pagina 7 cargada correctamente - URL: https://www.trabajos.com/ofertas-empleo/?CADENA=&IDPAIS=100&=NO&ORD=F&FPV=&MT-FPV=NO&FPB=&MT-FPB=NO&FAR=&MT-FAR=NO&FPF=&MT-FPF=NO&FEM=&MT-FEM=NO&FXM-S-MIN=-1&FXM-S-MAX=-1&FSM-S-MIN=-1&FSM-S-MAX=-1&FSM-TP=A&FJL=&MT-FJL=NO&FTC=&MT-FTC=NO&FBL=&MT-FBL=NO&DESDE=241#google_vignette
2026-03-05 23:02:22 - INFO - [TrabajoscomScraper] - Pagina 8 cargada correctamente - URL: https://www.trabajos.com/ofertas-empleo/?CADENA=&IDPAIS=100&=NO&ORD=F&FPV=&MT-FPV=NO&FPB=&MT-FPB=NO&FAR=&MT-FAR=NO&FPF=&MT-FPF=NO&FEM=&MT-FEM=NO&FXM-S-MIN=-1&FXM-S-MAX=-1&FSM-S-MIN=-1&FSM-S-MAX=-1&FSM-TP=A&FJL=&MT-FJL=NO&FTC=&MT-FTC=NO&FBL=&MT-FBL=NO&DESDE=281#google_vignette
2026-03-05 23:02:54 - INFO - [TrabajoscomScraper] - Pagina 9 cargada correctamente - URL: https://www.trabajos.com/ofertas-empleo/?CADENA=&IDPAIS=100&=NO&ORD=F&FPV=&MT-FPV=NO&FPB=&MT-FPB=NO&FAR=&MT-FAR=NO&FPF=&MT-FPF=NO&FEM=&MT-FEM=NO&FXM-S-MIN=-1&FXM-S-MAX=-1&FSM-S-MIN=-1&FSM-S-MAX=-1&FSM-TP=A&FJL=&MT-FJL=NO&FTC=&MT-FTC=NO&FBL=&MT-FBL=NO&DESDE=321#google_vignette
2026-03-05 23:03:25 - INFO - [TrabajoscomScraper] - Pagina 10 cargada correctamente - URL: https://www.trabajos.com/ofertas-empleo/?CADENA=&IDPAIS=100&=NO&ORD=F&FPV=&MT-FPV=NO&FPB=&MT-FPB=NO&FAR=&MT-FAR=NO&FPF=&MT-FPF=NO&FEM=&MT-FEM=NO&FXM-S-MIN=-1&FXM-S-MAX=-1&FSM-S-MIN=-1&FSM-S-MAX=-1&FSM-TP=A&FJL=&MT-FJL=NO&FTC=&MT-FTC=NO&FBL=&MT-FBL=NO&DESDE=361#google_vignette
2026-03-05 23:03:56 - INFO - [TrabajoscomScraper] - Pagina 11 cargada correctamente - URL: https://www.trabajos.com/ofertas-empleo/?CADENA=&IDPAIS=100&=NO&ORD=F&FPV=&MT-FPV=NO&FPB=&MT-FPB=NO&FAR=&MT-FAR=NO&FPF=&MT-FPF=NO&FEM=&MT-FEM=NO&FXM-S-MIN=-1&FXM-S-MAX=-1&FSM-S-MIN=-1&FSM-S-MAX=-1&FSM-TP=A&FJL=&MT-FJL=NO&FTC=&MT-FTC=NO&FBL=&MT-FBL=NO&DESDE=401#google_vignette
2026-03-05 23:04:28 - INFO - [TrabajoscomScraper] - Pagina 12 cargada correctamente - URL: https://www.trabajos.com/ofertas-empleo/?CADENA=&IDPAIS=100&=NO&ORD=F&FPV=&MT-FPV=NO&FPB=&MT-FPB=NO&FAR=&MT-FAR=NO&FPF=&MT-FPF=NO&FEM=&MT-FEM=NO&FXM-S-MIN=-1&FXM-S-MAX=-1&FSM-S-MIN=-1&FSM-S-MAX=-1&FSM-TP=A&FJL=&MT-FJL=NO&FTC=&MT-FTC=NO&FBL=&MT-FBL=NO&DESDE=441#google_vignette
2026-03-05 23:04:59 - INFO - [TrabajoscomScraper] - Pagina 13 cargada correctamente - URL: https://www.trabajos.com/ofertas-empleo/?CADENA=&IDPAIS=100&=NO&ORD=F&FPV=&MT-FPV=NO&FPB=&MT-FPB=NO&FAR=&MT-FAR=NO&FPF=&MT-FPF=NO&FEM=&MT-FEM=NO&FXM-S-MIN=-1&FXM-S-MAX=-1&FSM-S-MIN=-1&FSM-S-MAX=-1&FSM-TP=A&FJL=&MT-FJL=NO&FTC=&MT-FTC=NO&FBL=&MT-FBL=NO&DESDE=481#google_vignette
2026-03-05 23:05:31 - INFO - [TrabajoscomScraper] - Pagina 14 cargada correctamente - URL: https://www.trabajos.com/ofertas-empleo/?CADENA=&IDPAIS=100&=NO&ORD=F&FPV=&MT-FPV=NO&FPB=&MT-FPB=NO&FAR=&MT-FAR=NO&FPF=&MT-FPF=NO&FEM=&MT-FEM=NO&FXM-S-MIN=-1&FXM-S-MAX=-1&FSM-S-MIN=-1&FSM-S-MAX=-1&FSM-TP=A&FJL=&MT-FJL=NO&FTC=&MT-FTC=NO&FBL=&MT-FBL=NO&DESDE=521#google_vignette
2026-03-05 23:06:02 - INFO - [TrabajoscomScraper] - Pagina 15 cargada correctamente - URL: https://www.trabajos.com/ofertas-empleo/?CADENA=&IDPAIS=100&=NO&ORD=F&FPV=&MT-FPV=NO&FPB=&MT-FPB=NO&FAR=&MT-FAR=NO&FPF=&MT-FPF=NO&FEM=&MT-FEM=NO&FXM-S-MIN=-1&FXM-S-MAX=-1&FSM-S-MIN=-1&FSM-S-MAX=-1&FSM-TP=A&FJL=&MT-FJL=NO&FTC=&MT-FTC=NO&FBL=&MT-FBL=NO&DESDE=561#google_vignette
2026-03-05 23:06:34 - INFO - [TrabajoscomScraper] - Pagina 16 cargada correctamente - URL: https://www.trabajos.com/ofertas-empleo/?CADENA=&IDPAIS=100&=NO&ORD=F&FPV=&MT-FPV=NO&FPB=&MT-FPB=NO&FAR=&MT-FAR=NO&FPF=&MT-FPF=NO&FEM=&MT-FEM=NO&FXM-S-MIN=-1&FXM-S-MAX=-1&FSM-S-MIN=-1&FSM-S-MAX=-1&FSM-TP=A&FJL=&MT-FJL=NO&FTC=&MT-FTC=NO&FBL=&MT-FBL=NO&DESDE=601#google_vignette
2026-03-05 23:06:34 - INFO - [TrabajoscomScraper] - Scraping finalizado. Datos guardados en: data/historico_scraping/Trabajoscom_2026-03-05.csv
2026-03-05 23:06:34 - INFO - [TrabajoscomScraper] - Se actualizo la fecha de la ultima vez scraper a --> 2026-03-05
2026-03-05 23:06:34 - INFO - [TrabajoscomScraper] - Se ha actualizado el archivo -->  control_ejecusiones.json
