2025-09-01 22:19:27 - INFO - [RandstadScraper] - ***********  Intento 1 de scrapear Randstad  ********************
2025-09-01 22:19:27 - INFO - [RandstadScraper] - El json control_ejecusiones cargo correctamente
2025-09-01 22:19:27 - INFO - [RandstadScraper] - Ultima vez que se scrapeo Randstad fue 2025-08-31
2025-09-01 22:19:27 - INFO - [RandstadScraper] - Iniciando scraping en plataforma: Randstad
2025-09-01 22:19:30 - INFO - [RandstadScraper] - Pagina 1 cargada correctamente - URL: https://www.randstad.es/candidatos/ofertas-empleo/sa-1100/st-3/jp-50/
2025-09-01 22:20:32 - INFO - [RandstadScraper] - Pagina 2 cargada correctamente - URL: https://www.randstad.es/candidatos/ofertas-empleo/sa-1100/st-3/jp-50/pg-2/
2025-09-01 22:21:34 - INFO - [RandstadScraper] - Pagina 3 cargada correctamente - URL: https://www.randstad.es/candidatos/ofertas-empleo/sa-1100/st-3/jp-50/pg-3/
2025-09-01 22:22:37 - INFO - [RandstadScraper] - Pagina 4 cargada correctamente - URL: https://www.randstad.es/candidatos/ofertas-empleo/sa-1100/st-3/jp-50/pg-4/
2025-09-01 22:23:39 - INFO - [RandstadScraper] - Pagina 5 cargada correctamente - URL: https://www.randstad.es/candidatos/ofertas-empleo/sa-1100/st-3/jp-50/pg-5/
2025-09-01 22:23:40 - INFO - [RandstadScraper] - Scraping finalizado. Datos guardados en: data/historico_scraping/Randstad_2025-09-01.csv
2025-09-01 22:23:40 - INFO - [RandstadScraper] - Se actualizo la fecha de la ultima vez scraper a --> 2025-09-01
2025-09-01 22:23:40 - INFO - [RandstadScraper] - Se ha actualizado el archivo -->  control_ejecusiones.json
2025-09-01 18:30:18 - INFO - [RandstadScraper] - ***********  Intento 1 de scrapear Randstad  ********************
2025-09-01 18:30:18 - INFO - [RandstadScraper] - El json control_ejecusiones cargo correctamente
2025-09-01 18:30:18 - INFO - [RandstadScraper] - Ultima vez que se scrapeo Randstad fue 2025-09-01
2025-09-01 18:30:18 - INFO - [RandstadScraper] - Iniciando scraping en plataforma: Randstad
2025-09-01 18:30:21 - INFO - [RandstadScraper] - Pagina 1 cargada correctamente - URL: https://www.randstad.es/candidatos/ofertas-empleo/sa-1100/st-3/jp-50/
2025-09-01 18:30:55 - INFO - [RandstadScraper] - Pagina 2 cargada correctamente - URL: https://www.randstad.es/candidatos/ofertas-empleo/sa-1100/st-3/jp-50/pg-2/
2025-09-01 18:31:27 - INFO - [RandstadScraper] - Pagina 3 cargada correctamente - URL: https://www.randstad.es/candidatos/ofertas-empleo/sa-1100/st-3/jp-50/pg-3/
2025-09-01 18:32:01 - INFO - [RandstadScraper] - Pagina 4 cargada correctamente - URL: https://www.randstad.es/candidatos/ofertas-empleo/sa-1100/st-3/jp-50/pg-4/
2025-09-01 18:32:34 - INFO - [RandstadScraper] - Pagina 5 cargada correctamente - URL: https://www.randstad.es/candidatos/ofertas-empleo/sa-1100/st-3/jp-50/pg-5/
2025-09-01 18:32:35 - INFO - [RandstadScraper] - Scraping finalizado. Datos guardados en: data\historico_scraping\Randstad_2025-09-01.csv
2025-09-01 18:32:35 - INFO - [RandstadScraper] - Se actualizo la fecha de la ultima vez scraper a --> 2025-09-01
2025-09-01 18:32:35 - INFO - [RandstadScraper] - Se ha actualizado el archivo -->  control_ejecusiones.json
2025-09-01 18:40:20 - INFO - [RandstadScraper] - ***********  Intento 1 de scrapear Randstad  ********************
2025-09-01 18:40:20 - INFO - [RandstadScraper] - El json control_ejecusiones cargo correctamente
2025-09-01 18:40:20 - INFO - [RandstadScraper] - Ultima vez que se scrapeo Randstad fue 2025-09-01
2025-09-01 18:40:20 - INFO - [RandstadScraper] - Iniciando scraping en plataforma: Randstad
2025-09-01 18:40:23 - INFO - [RandstadScraper] - Pagina 1 cargada correctamente - URL: https://www.randstad.es/candidatos/ofertas-empleo/sa-1100/st-3/jp-50/
2025-09-01 18:40:56 - INFO - [RandstadScraper] - Pagina 2 cargada correctamente - URL: https://www.randstad.es/candidatos/ofertas-empleo/sa-1100/st-3/jp-50/pg-2/
2025-09-01 18:41:28 - INFO - [RandstadScraper] - Pagina 3 cargada correctamente - URL: https://www.randstad.es/candidatos/ofertas-empleo/sa-1100/st-3/jp-50/pg-3/
2025-09-01 18:42:01 - INFO - [RandstadScraper] - Pagina 4 cargada correctamente - URL: https://www.randstad.es/candidatos/ofertas-empleo/sa-1100/st-3/jp-50/pg-4/
2025-09-01 18:42:35 - INFO - [RandstadScraper] - Pagina 5 cargada correctamente - URL: https://www.randstad.es/candidatos/ofertas-empleo/sa-1100/st-3/jp-50/pg-5/
2025-09-01 18:42:35 - INFO - [RandstadScraper] - Scraping finalizado. Datos guardados en: data\historico_scraping\Randstad_2025-09-01.csv
2025-09-01 18:42:35 - INFO - [RandstadScraper] - Se actualizo la fecha de la ultima vez scraper a --> 2025-09-01
2025-09-01 18:42:35 - INFO - [RandstadScraper] - Se ha actualizado el archivo -->  control_ejecusiones.json
2025-09-01 19:06:40 - INFO - [RandstadScraper] - ***********  Intento 1 de scrapear Randstad  ********************
2025-09-01 19:06:40 - INFO - [RandstadScraper] - El json control_ejecusiones cargo correctamente
2025-09-01 19:06:40 - INFO - [RandstadScraper] - Ultima vez que se scrapeo Randstad fue 2025-09-01
2025-09-01 19:06:40 - INFO - [RandstadScraper] - Iniciando scraping en plataforma: Randstad
2025-09-01 19:06:43 - INFO - [RandstadScraper] - Pagina 1 cargada correctamente - URL: https://www.randstad.es/candidatos/ofertas-empleo/sa-1100/st-3/jp-50/
2025-09-01 19:07:16 - INFO - [RandstadScraper] - Pagina 2 cargada correctamente - URL: https://www.randstad.es/candidatos/ofertas-empleo/sa-1100/st-3/jp-50/pg-2/
2025-09-01 19:07:48 - INFO - [RandstadScraper] - Pagina 3 cargada correctamente - URL: https://www.randstad.es/candidatos/ofertas-empleo/sa-1100/st-3/jp-50/pg-3/
2025-09-01 19:08:21 - INFO - [RandstadScraper] - Pagina 4 cargada correctamente - URL: https://www.randstad.es/candidatos/ofertas-empleo/sa-1100/st-3/jp-50/pg-4/
2025-09-01 19:08:54 - INFO - [RandstadScraper] - Pagina 5 cargada correctamente - URL: https://www.randstad.es/candidatos/ofertas-empleo/sa-1100/st-3/jp-50/pg-5/
2025-09-01 19:08:54 - INFO - [RandstadScraper] - Scraping finalizado. Datos guardados en: data\historico_scraping\Randstad_2025-09-01.csv
2025-09-01 19:08:54 - INFO - [RandstadScraper] - Se actualizo la fecha de la ultima vez scraper a --> 2025-09-01
2025-09-01 19:08:54 - INFO - [RandstadScraper] - Se ha actualizado el archivo -->  control_ejecusiones.json
2025-09-01 20:33:14 - INFO - [RandstadScraper] - ***********  Intento 1 de scrapear Randstad  ********************
2025-09-01 20:33:14 - INFO - [RandstadScraper] - El json control_ejecusiones cargo correctamente
2025-09-01 20:33:14 - INFO - [RandstadScraper] - Ultima vez que se scrapeo Randstad fue 2025-09-01
2025-09-01 20:33:14 - INFO - [RandstadScraper] - Iniciando scraping en plataforma: Randstad
2025-09-01 20:33:18 - INFO - [RandstadScraper] - Pagina 1 cargada correctamente - URL: https://www.randstad.es/candidatos/ofertas-empleo/sa-1100/st-3/jp-50/
2025-09-01 20:33:50 - INFO - [RandstadScraper] - Pagina 2 cargada correctamente - URL: https://www.randstad.es/candidatos/ofertas-empleo/sa-1100/st-3/jp-50/pg-2/
2025-09-01 20:34:23 - INFO - [RandstadScraper] - Pagina 3 cargada correctamente - URL: https://www.randstad.es/candidatos/ofertas-empleo/sa-1100/st-3/jp-50/pg-3/
2025-09-01 20:34:57 - INFO - [RandstadScraper] - Pagina 4 cargada correctamente - URL: https://www.randstad.es/candidatos/ofertas-empleo/sa-1100/st-3/jp-50/pg-4/
2025-09-01 20:35:29 - INFO - [RandstadScraper] - Pagina 5 cargada correctamente - URL: https://www.randstad.es/candidatos/ofertas-empleo/sa-1100/st-3/jp-50/pg-5/
2025-09-01 20:35:30 - INFO - [RandstadScraper] - Scraping finalizado. Datos guardados en: data\historico_scraping\Randstad_2025-09-01.csv
2025-09-01 20:35:30 - INFO - [RandstadScraper] - Se actualizo la fecha de la ultima vez scraper a --> 2025-09-01
2025-09-01 20:35:30 - INFO - [RandstadScraper] - Se ha actualizado el archivo -->  control_ejecusiones.json
2025-09-01 21:12:43 - INFO - [RandstadScraper] - ***********  Intento 1 de scrapear Randstad  ********************
2025-09-01 21:12:43 - INFO - [RandstadScraper] - El json control_ejecusiones cargo correctamente
2025-09-01 21:12:43 - INFO - [RandstadScraper] - Ultima vez que se scrapeo Randstad fue 2025-09-01
2025-09-01 21:12:43 - INFO - [RandstadScraper] - Iniciando scraping en plataforma: Randstad
2025-09-01 21:12:47 - INFO - [RandstadScraper] - Pagina 1 cargada correctamente - URL: https://www.randstad.es/candidatos/ofertas-empleo/sa-1100/st-3/jp-50/
2025-09-01 21:19:22 - INFO - [RandstadScraper] - ***********  Intento 1 de scrapear Randstad  ********************
2025-09-01 21:19:22 - INFO - [RandstadScraper] - El json control_ejecusiones cargo correctamente
2025-09-01 21:19:22 - INFO - [RandstadScraper] - Ultima vez que se scrapeo Randstad fue 2025-09-01
2025-09-01 21:19:22 - INFO - [RandstadScraper] - Iniciando scraping en plataforma: Randstad
2025-09-01 21:19:26 - INFO - [RandstadScraper] - Pagina 1 cargada correctamente - URL: https://www.randstad.es/candidatos/ofertas-empleo/sa-1100/st-3/jp-50/
2025-09-01 21:19:58 - INFO - [RandstadScraper] - Pagina 2 cargada correctamente - URL: https://www.randstad.es/candidatos/ofertas-empleo/sa-1100/st-3/jp-50/pg-2/
2025-09-01 21:20:32 - INFO - [RandstadScraper] - Pagina 3 cargada correctamente - URL: https://www.randstad.es/candidatos/ofertas-empleo/sa-1100/st-3/jp-50/pg-3/
2025-09-01 21:21:04 - INFO - [RandstadScraper] - Pagina 4 cargada correctamente - URL: https://www.randstad.es/candidatos/ofertas-empleo/sa-1100/st-3/jp-50/pg-4/
2025-09-01 21:21:38 - INFO - [RandstadScraper] - Pagina 5 cargada correctamente - URL: https://www.randstad.es/candidatos/ofertas-empleo/sa-1100/st-3/jp-50/pg-5/
2025-09-01 21:21:38 - INFO - [RandstadScraper] - Scraping finalizado. Datos guardados en: data\historico_scraping\Randstad_2025-09-01.csv
2025-09-01 21:21:38 - INFO - [RandstadScraper] - Se actualizo la fecha de la ultima vez scraper a --> 2025-09-01
2025-09-01 21:21:38 - INFO - [RandstadScraper] - Se ha actualizado el archivo -->  control_ejecusiones.json
