2025-09-21 02:21:46 - INFO - [ActualizacionData] - **********  Intento 1 de añadir a la DATABASE y la data del scrapeo del dia 2025-09-20  ********
2025-09-21 02:21:46 - INFO - [ActualizacionData] - El json control_ejecusiones cargo correctamente
2025-09-21 02:21:46 - INFO - [ActualizacionData] - Ultima vez que se ejecuto ETL 2025-09-19
2025-09-21 02:21:46 - INFO - [ActualizacionData] - Iniciando el Procesamiento de la Data
2025-09-21 02:21:46 - INFO - [ActualizacionData] - Se logró cargar la DATABASE, actualmente con 10394 registros
2025-09-21 02:21:46 - INFO - [ActualizacionData] - Se logró cargar la data para actualizar, actualmente con 303 registros
2025-09-21 02:21:46 - INFO - [ActualizacionData] - ETL finalizado, se guardaron los datos en data/db/base.parquet
2025-09-21 02:21:46 - INFO - [ActualizacionData] - Despues de Juntar y eliminar ofertas repetidas quedaron 9763 registros
2025-09-21 02:21:46 - INFO - [ActualizacionData] - Se actualizo la fecha de la ultima vez ETL a --> 2025-09-20
2025-09-21 02:21:46 - INFO - [ActualizacionData] - Se ha actualizado el archivo -->  control_ejecusiones.json
2025-09-21 22:22:53 - INFO - [ActualizacionData] - **********  Intento 1 de añadir a la DATABASE y la data del scrapeo del dia 2025-09-21  ********
2025-09-21 22:22:53 - INFO - [ActualizacionData] - El json control_ejecusiones cargo correctamente
2025-09-21 22:22:53 - INFO - [ActualizacionData] - Ultima vez que se ejecuto ETL 2025-09-20
2025-09-21 22:22:53 - INFO - [ActualizacionData] - Iniciando el Procesamiento de la Data
2025-09-21 22:22:53 - INFO - [ActualizacionData] - Se logró cargar la DATABASE, actualmente con 9763 registros
2025-09-21 22:22:53 - INFO - [ActualizacionData] - Se logró cargar la data para actualizar, actualmente con 319 registros
2025-09-21 22:22:53 - INFO - [ActualizacionData] - ETL finalizado, se guardaron los datos en data/db/base.parquet
2025-09-21 22:22:53 - INFO - [ActualizacionData] - Despues de Juntar y eliminar ofertas repetidas quedaron 9684 registros
2025-09-21 22:22:53 - INFO - [ActualizacionData] - Se actualizo la fecha de la ultima vez ETL a --> 2025-09-21
2025-09-21 22:22:53 - INFO - [ActualizacionData] - Se ha actualizado el archivo -->  control_ejecusiones.json
