2026-03-16 22:46:55 - INFO - [TrabajoscomScraper] - **********   Intento 1 de scrapear Trabajoscom  ********************************
2026-03-16 22:46:55 - INFO - [TrabajoscomScraper] - El json control_ejecusiones cargo correctamente
2026-03-16 22:46:55 - INFO - [TrabajoscomScraper] - Ultima vez que se scrapeo Trabajoscom fue 2026-03-16
2026-03-16 22:46:55 - INFO - [TrabajoscomScraper] - Iniciando scraping en plataforma: Trabajoscom
2026-03-16 22:46:57 - INFO - [TrabajoscomScraper] - Pagina 1 cargada correctamente - URL: https://www.trabajos.com/ofertas-empleo/
2026-03-16 22:47:28 - INFO - [TrabajoscomScraper] - Pagina 2 cargada correctamente - URL: https://www.trabajos.com/ofertas-empleo/?CADENA=&IDPAIS=100&=NO&ORD=F&FPV=&MT-FPV=NO&FPB=&MT-FPB=NO&FAR=&MT-FAR=NO&FPF=&MT-FPF=NO&FEM=&MT-FEM=NO&FXM-S-MIN=-1&FXM-S-MAX=-1&FSM-S-MIN=-1&FSM-S-MAX=-1&FSM-TP=A&FJL=&MT-FJL=NO&FTC=&MT-FTC=NO&FBL=&MT-FBL=NO&DESDE=41#google_vignette
2026-03-16 22:47:59 - INFO - [TrabajoscomScraper] - Pagina 3 cargada correctamente - URL: https://www.trabajos.com/ofertas-empleo/?CADENA=&IDPAIS=100&=NO&ORD=F&FPV=&MT-FPV=NO&FPB=&MT-FPB=NO&FAR=&MT-FAR=NO&FPF=&MT-FPF=NO&FEM=&MT-FEM=NO&FXM-S-MIN=-1&FXM-S-MAX=-1&FSM-S-MIN=-1&FSM-S-MAX=-1&FSM-TP=A&FJL=&MT-FJL=NO&FTC=&MT-FTC=NO&FBL=&MT-FBL=NO&DESDE=81#google_vignette
2026-03-16 22:48:30 - INFO - [TrabajoscomScraper] - Pagina 4 cargada correctamente - URL: https://www.trabajos.com/ofertas-empleo/?CADENA=&IDPAIS=100&=NO&ORD=F&FPV=&MT-FPV=NO&FPB=&MT-FPB=NO&FAR=&MT-FAR=NO&FPF=&MT-FPF=NO&FEM=&MT-FEM=NO&FXM-S-MIN=-1&FXM-S-MAX=-1&FSM-S-MIN=-1&FSM-S-MAX=-1&FSM-TP=A&FJL=&MT-FJL=NO&FTC=&MT-FTC=NO&FBL=&MT-FBL=NO&DESDE=121#google_vignette
2026-03-16 22:49:01 - INFO - [TrabajoscomScraper] - Pagina 5 cargada correctamente - URL: https://www.trabajos.com/ofertas-empleo/?CADENA=&IDPAIS=100&=NO&ORD=F&FPV=&MT-FPV=NO&FPB=&MT-FPB=NO&FAR=&MT-FAR=NO&FPF=&MT-FPF=NO&FEM=&MT-FEM=NO&FXM-S-MIN=-1&FXM-S-MAX=-1&FSM-S-MIN=-1&FSM-S-MAX=-1&FSM-TP=A&FJL=&MT-FJL=NO&FTC=&MT-FTC=NO&FBL=&MT-FBL=NO&DESDE=161#google_vignette
2026-03-16 22:49:32 - INFO - [TrabajoscomScraper] - Pagina 6 cargada correctamente - URL: https://www.trabajos.com/ofertas-empleo/?CADENA=&IDPAIS=100&=NO&ORD=F&FPV=&MT-FPV=NO&FPB=&MT-FPB=NO&FAR=&MT-FAR=NO&FPF=&MT-FPF=NO&FEM=&MT-FEM=NO&FXM-S-MIN=-1&FXM-S-MAX=-1&FSM-S-MIN=-1&FSM-S-MAX=-1&FSM-TP=A&FJL=&MT-FJL=NO&FTC=&MT-FTC=NO&FBL=&MT-FBL=NO&DESDE=201#google_vignette
2026-03-16 22:50:03 - INFO - [TrabajoscomScraper] - Pagina 7 cargada correctamente - URL: https://www.trabajos.com/ofertas-empleo/?CADENA=&IDPAIS=100&=NO&ORD=F&FPV=&MT-FPV=NO&FPB=&MT-FPB=NO&FAR=&MT-FAR=NO&FPF=&MT-FPF=NO&FEM=&MT-FEM=NO&FXM-S-MIN=-1&FXM-S-MAX=-1&FSM-S-MIN=-1&FSM-S-MAX=-1&FSM-TP=A&FJL=&MT-FJL=NO&FTC=&MT-FTC=NO&FBL=&MT-FBL=NO&DESDE=241#google_vignette
2026-03-16 22:50:35 - INFO - [TrabajoscomScraper] - Pagina 8 cargada correctamente - URL: https://www.trabajos.com/ofertas-empleo/?CADENA=&IDPAIS=100&=NO&ORD=F&FPV=&MT-FPV=NO&FPB=&MT-FPB=NO&FAR=&MT-FAR=NO&FPF=&MT-FPF=NO&FEM=&MT-FEM=NO&FXM-S-MIN=-1&FXM-S-MAX=-1&FSM-S-MIN=-1&FSM-S-MAX=-1&FSM-TP=A&FJL=&MT-FJL=NO&FTC=&MT-FTC=NO&FBL=&MT-FBL=NO&DESDE=281#google_vignette
2026-03-16 22:51:06 - INFO - [TrabajoscomScraper] - Pagina 9 cargada correctamente - URL: https://www.trabajos.com/ofertas-empleo/?CADENA=&IDPAIS=100&=NO&ORD=F&FPV=&MT-FPV=NO&FPB=&MT-FPB=NO&FAR=&MT-FAR=NO&FPF=&MT-FPF=NO&FEM=&MT-FEM=NO&FXM-S-MIN=-1&FXM-S-MAX=-1&FSM-S-MIN=-1&FSM-S-MAX=-1&FSM-TP=A&FJL=&MT-FJL=NO&FTC=&MT-FTC=NO&FBL=&MT-FBL=NO&DESDE=321#google_vignette
2026-03-16 22:51:37 - INFO - [TrabajoscomScraper] - Pagina 10 cargada correctamente - URL: https://www.trabajos.com/ofertas-empleo/?CADENA=&IDPAIS=100&=NO&ORD=F&FPV=&MT-FPV=NO&FPB=&MT-FPB=NO&FAR=&MT-FAR=NO&FPF=&MT-FPF=NO&FEM=&MT-FEM=NO&FXM-S-MIN=-1&FXM-S-MAX=-1&FSM-S-MIN=-1&FSM-S-MAX=-1&FSM-TP=A&FJL=&MT-FJL=NO&FTC=&MT-FTC=NO&FBL=&MT-FBL=NO&DESDE=361#google_vignette
2026-03-16 22:52:08 - INFO - [TrabajoscomScraper] - Pagina 11 cargada correctamente - URL: https://www.trabajos.com/ofertas-empleo/?CADENA=&IDPAIS=100&=NO&ORD=F&FPV=&MT-FPV=NO&FPB=&MT-FPB=NO&FAR=&MT-FAR=NO&FPF=&MT-FPF=NO&FEM=&MT-FEM=NO&FXM-S-MIN=-1&FXM-S-MAX=-1&FSM-S-MIN=-1&FSM-S-MAX=-1&FSM-TP=A&FJL=&MT-FJL=NO&FTC=&MT-FTC=NO&FBL=&MT-FBL=NO&DESDE=401#google_vignette
2026-03-16 22:52:39 - INFO - [TrabajoscomScraper] - Pagina 12 cargada correctamente - URL: https://www.trabajos.com/ofertas-empleo/?CADENA=&IDPAIS=100&=NO&ORD=F&FPV=&MT-FPV=NO&FPB=&MT-FPB=NO&FAR=&MT-FAR=NO&FPF=&MT-FPF=NO&FEM=&MT-FEM=NO&FXM-S-MIN=-1&FXM-S-MAX=-1&FSM-S-MIN=-1&FSM-S-MAX=-1&FSM-TP=A&FJL=&MT-FJL=NO&FTC=&MT-FTC=NO&FBL=&MT-FBL=NO&DESDE=441#google_vignette
2026-03-16 22:53:10 - INFO - [TrabajoscomScraper] - Pagina 13 cargada correctamente - URL: https://www.trabajos.com/ofertas-empleo/?CADENA=&IDPAIS=100&=NO&ORD=F&FPV=&MT-FPV=NO&FPB=&MT-FPB=NO&FAR=&MT-FAR=NO&FPF=&MT-FPF=NO&FEM=&MT-FEM=NO&FXM-S-MIN=-1&FXM-S-MAX=-1&FSM-S-MIN=-1&FSM-S-MAX=-1&FSM-TP=A&FJL=&MT-FJL=NO&FTC=&MT-FTC=NO&FBL=&MT-FBL=NO&DESDE=481#google_vignette
2026-03-16 22:53:41 - INFO - [TrabajoscomScraper] - Pagina 14 cargada correctamente - URL: https://www.trabajos.com/ofertas-empleo/?CADENA=&IDPAIS=100&=NO&ORD=F&FPV=&MT-FPV=NO&FPB=&MT-FPB=NO&FAR=&MT-FAR=NO&FPF=&MT-FPF=NO&FEM=&MT-FEM=NO&FXM-S-MIN=-1&FXM-S-MAX=-1&FSM-S-MIN=-1&FSM-S-MAX=-1&FSM-TP=A&FJL=&MT-FJL=NO&FTC=&MT-FTC=NO&FBL=&MT-FBL=NO&DESDE=521#google_vignette
2026-03-16 22:54:12 - INFO - [TrabajoscomScraper] - Pagina 15 cargada correctamente - URL: https://www.trabajos.com/ofertas-empleo/?CADENA=&IDPAIS=100&=NO&ORD=F&FPV=&MT-FPV=NO&FPB=&MT-FPB=NO&FAR=&MT-FAR=NO&FPF=&MT-FPF=NO&FEM=&MT-FEM=NO&FXM-S-MIN=-1&FXM-S-MAX=-1&FSM-S-MIN=-1&FSM-S-MAX=-1&FSM-TP=A&FJL=&MT-FJL=NO&FTC=&MT-FTC=NO&FBL=&MT-FBL=NO&DESDE=561#google_vignette
2026-03-16 22:54:12 - INFO - [TrabajoscomScraper] - Scraping finalizado. Datos guardados en: data/historico_scraping/Trabajoscom_2026-03-16.csv
2026-03-16 22:54:12 - INFO - [TrabajoscomScraper] - Se actualizo la fecha de la ultima vez scraper a --> 2026-03-16
2026-03-16 22:54:12 - INFO - [TrabajoscomScraper] - Se ha actualizado el archivo -->  control_ejecusiones.json
