2026-06-10 23:27:38 - INFO - [RandstadScraper] - ***********  Intento 1 de scrapear Randstad  ********************
2026-06-10 23:27:38 - INFO - [RandstadScraper] - El json control_ejecusiones cargo correctamente
2026-06-10 23:27:38 - INFO - [RandstadScraper] - Ultima vez que se scrapeo Randstad fue 2025-09-19
2026-06-10 23:27:38 - INFO - [RandstadScraper] - Iniciando scraping en plataforma: Randstad
2026-06-10 23:27:40 - INFO - [RandstadScraper] - Pagina 1 cargada correctamente - URL: https://www.randstad.es/candidatos/ofertas-empleo/sa-1100/st-3/jp-50/
2026-06-10 23:28:13 - INFO - [RandstadScraper] - Pagina 2 cargada correctamente - URL: https://www.randstad.es/candidatos/ofertas-empleo/sa-1100/st-3/jp-50/pg-2/
2026-06-10 23:28:45 - INFO - [RandstadScraper] - Pagina 3 cargada correctamente - URL: https://www.randstad.es/candidatos/ofertas-empleo/sa-1100/st-3/jp-50/pg-3/
2026-06-10 23:29:18 - INFO - [RandstadScraper] - Pagina 4 cargada correctamente - URL: https://www.randstad.es/candidatos/ofertas-empleo/sa-1100/st-3/jp-50/pg-4/
2026-06-10 23:29:51 - INFO - [RandstadScraper] - Pagina 5 cargada correctamente - URL: https://www.randstad.es/candidatos/ofertas-empleo/sa-1100/st-3/jp-50/pg-5/
2026-06-10 23:30:24 - INFO - [RandstadScraper] - Pagina 6 cargada correctamente - URL: https://www.randstad.es/candidatos/ofertas-empleo/sa-1100/st-3/jp-50/pg-6/
2026-06-10 23:30:57 - INFO - [RandstadScraper] - Pagina 7 cargada correctamente - URL: https://www.randstad.es/candidatos/ofertas-empleo/sa-1100/st-3/jp-50/pg-7/
2026-06-10 23:31:31 - INFO - [RandstadScraper] - Pagina 8 cargada correctamente - URL: https://www.randstad.es/candidatos/ofertas-empleo/sa-1100/st-3/jp-50/pg-8/
2026-06-10 23:32:05 - INFO - [RandstadScraper] - Pagina 9 cargada correctamente - URL: https://www.randstad.es/candidatos/ofertas-empleo/sa-1100/st-3/jp-50/pg-9/
2026-06-10 23:32:38 - INFO - [RandstadScraper] - Pagina 10 cargada correctamente - URL: https://www.randstad.es/candidatos/ofertas-empleo/sa-1100/st-3/jp-50/pg-10/
2026-06-10 23:33:12 - INFO - [RandstadScraper] - Pagina 11 cargada correctamente - URL: https://www.randstad.es/candidatos/ofertas-empleo/sa-1100/st-3/jp-50/pg-11/
2026-06-10 23:33:46 - INFO - [RandstadScraper] - Pagina 12 cargada correctamente - URL: https://www.randstad.es/candidatos/ofertas-empleo/sa-1100/st-3/jp-50/pg-12/
2026-06-10 23:34:20 - INFO - [RandstadScraper] - Pagina 13 cargada correctamente - URL: https://www.randstad.es/candidatos/ofertas-empleo/sa-1100/st-3/jp-50/pg-13/
2026-06-10 23:34:55 - INFO - [RandstadScraper] - Pagina 14 cargada correctamente - URL: https://www.randstad.es/candidatos/ofertas-empleo/sa-1100/st-3/jp-50/pg-14/
2026-06-10 23:35:29 - INFO - [RandstadScraper] - Pagina 15 cargada correctamente - URL: https://www.randstad.es/candidatos/ofertas-empleo/sa-1100/st-3/jp-50/pg-15/
2026-06-10 23:36:04 - INFO - [RandstadScraper] - Pagina 16 cargada correctamente - URL: https://www.randstad.es/candidatos/ofertas-empleo/sa-1100/st-3/jp-50/pg-16/
2026-06-10 23:36:39 - INFO - [RandstadScraper] - Pagina 17 cargada correctamente - URL: https://www.randstad.es/candidatos/ofertas-empleo/sa-1100/st-3/jp-50/pg-17/
2026-06-10 23:37:14 - INFO - [RandstadScraper] - Pagina 18 cargada correctamente - URL: https://www.randstad.es/candidatos/ofertas-empleo/sa-1100/st-3/jp-50/pg-18/
2026-06-10 23:37:49 - INFO - [RandstadScraper] - Pagina 19 cargada correctamente - URL: https://www.randstad.es/candidatos/ofertas-empleo/sa-1100/st-3/jp-50/pg-19/
2026-06-10 23:38:25 - INFO - [RandstadScraper] - Pagina 20 cargada correctamente - URL: https://www.randstad.es/candidatos/ofertas-empleo/sa-1100/st-3/jp-50/pg-20/
2026-06-10 23:38:58 - INFO - [RandstadScraper] - Pagina 21 cargada correctamente - URL: https://www.randstad.es/candidatos/ofertas-empleo/sa-1100/st-3/jp-50/pg-21/
2026-06-10 23:39:30 - INFO - [RandstadScraper] - Pagina 22 cargada correctamente - URL: https://www.randstad.es/candidatos/ofertas-empleo/sa-1100/st-3/jp-50/pg-22/
2026-06-10 23:40:03 - INFO - [RandstadScraper] - Pagina 23 cargada correctamente - URL: https://www.randstad.es/candidatos/ofertas-empleo/sa-1100/st-3/jp-50/pg-23/
2026-06-10 23:40:36 - INFO - [RandstadScraper] - Pagina 24 cargada correctamente - URL: https://www.randstad.es/candidatos/ofertas-empleo/sa-1100/st-3/jp-50/pg-24/
2026-06-10 23:41:08 - INFO - [RandstadScraper] - Pagina 25 cargada correctamente - URL: https://www.randstad.es/candidatos/ofertas-empleo/sa-1100/st-3/jp-50/pg-25/
2026-06-10 23:41:41 - INFO - [RandstadScraper] - Pagina 26 cargada correctamente - URL: https://www.randstad.es/candidatos/ofertas-empleo/sa-1100/st-3/jp-50/pg-26/
2026-06-10 23:42:13 - INFO - [RandstadScraper] - Pagina 27 cargada correctamente - URL: https://www.randstad.es/candidatos/ofertas-empleo/sa-1100/st-3/jp-50/pg-27/
2026-06-10 23:42:45 - INFO - [RandstadScraper] - Pagina 28 cargada correctamente - URL: https://www.randstad.es/candidatos/ofertas-empleo/sa-1100/st-3/jp-50/pg-28/
2026-06-10 23:43:17 - INFO - [RandstadScraper] - Pagina 29 cargada correctamente - URL: https://www.randstad.es/candidatos/ofertas-empleo/sa-1100/st-3/jp-50/pg-29/
2026-06-10 23:43:18 - INFO - [RandstadScraper] - NO ACTUALIZO --> control_ejecusiones.json,  porque NO ENCONTRO DATA
