2026-06-11 00:00:18 - INFO - [ActualizacionData] - **********  Intento 1 de añadir a la DATABASE y la data del scrapeo del dia 2026-06-10  ********
2026-06-11 00:00:18 - INFO - [ActualizacionData] - El json control_ejecusiones cargo correctamente
2026-06-11 00:00:18 - INFO - [ActualizacionData] - Ultima vez que se ejecuto ETL 2026-06-09
2026-06-11 00:00:18 - INFO - [ActualizacionData] - Iniciando el Procesamiento de la Data
2026-06-11 00:00:18 - INFO - [ActualizacionData] - Se logró cargar la DATABASE, actualmente con 7385 registros
2026-06-11 00:00:18 - INFO - [ActualizacionData] - Se logró cargar la data para actualizar, actualmente con 1197 registros
2026-06-11 00:00:18 - INFO - [ActualizacionData] - ETL finalizado, se guardaron los datos en data/db/base.parquet
2026-06-11 00:00:18 - INFO - [ActualizacionData] - Despues de Juntar y eliminar ofertas repetidas quedaron 7508 registros
2026-06-11 00:00:18 - INFO - [ActualizacionData] - Se actualizo la fecha de la ultima vez ETL a --> 2026-06-10
2026-06-11 00:00:18 - INFO - [ActualizacionData] - Se ha actualizado el archivo -->  control_ejecusiones.json
2026-06-11 23:58:12 - INFO - [ActualizacionData] - **********  Intento 1 de añadir a la DATABASE y la data del scrapeo del dia 2026-06-11  ********
2026-06-11 23:58:12 - INFO - [ActualizacionData] - El json control_ejecusiones cargo correctamente
2026-06-11 23:58:12 - INFO - [ActualizacionData] - Ultima vez que se ejecuto ETL 2026-06-10
2026-06-11 23:58:12 - INFO - [ActualizacionData] - Iniciando el Procesamiento de la Data
2026-06-11 23:58:12 - INFO - [ActualizacionData] - Se logró cargar la DATABASE, actualmente con 7508 registros
2026-06-11 23:58:12 - INFO - [ActualizacionData] - Se logró cargar la data para actualizar, actualmente con 1189 registros
2026-06-11 23:58:12 - INFO - [ActualizacionData] - ETL finalizado, se guardaron los datos en data/db/base.parquet
2026-06-11 23:58:12 - INFO - [ActualizacionData] - Despues de Juntar y eliminar ofertas repetidas quedaron 7449 registros
2026-06-11 23:58:12 - INFO - [ActualizacionData] - Se actualizo la fecha de la ultima vez ETL a --> 2026-06-11
2026-06-11 23:58:12 - INFO - [ActualizacionData] - Se ha actualizado el archivo -->  control_ejecusiones.json
