2026-06-04 00:12:50 - INFO - [ActualizacionData] - **********  Intento 1 de añadir a la DATABASE y la data del scrapeo del dia 2026-06-03  ********
2026-06-04 00:12:50 - INFO - [ActualizacionData] - El json control_ejecusiones cargo correctamente
2026-06-04 00:12:50 - INFO - [ActualizacionData] - Ultima vez que se ejecuto ETL 2026-06-02
2026-06-04 00:12:50 - INFO - [ActualizacionData] - Iniciando el Procesamiento de la Data
2026-06-04 00:12:50 - INFO - [ActualizacionData] - Se logró cargar la DATABASE, actualmente con 7759 registros
2026-06-04 00:12:50 - INFO - [ActualizacionData] - Se logró cargar la data para actualizar, actualmente con 711 registros
2026-06-04 00:12:50 - INFO - [ActualizacionData] - ETL finalizado, se guardaron los datos en data/db/base.parquet
2026-06-04 00:12:50 - INFO - [ActualizacionData] - Despues de Juntar y eliminar ofertas repetidas quedaron 7785 registros
2026-06-04 00:12:50 - INFO - [ActualizacionData] - Se actualizo la fecha de la ultima vez ETL a --> 2026-06-03
2026-06-04 00:12:50 - INFO - [ActualizacionData] - Se ha actualizado el archivo -->  control_ejecusiones.json
2026-06-04 23:38:27 - INFO - [ActualizacionData] - **********  Intento 1 de añadir a la DATABASE y la data del scrapeo del dia 2026-06-04  ********
2026-06-04 23:38:27 - INFO - [ActualizacionData] - El json control_ejecusiones cargo correctamente
2026-06-04 23:38:27 - INFO - [ActualizacionData] - Ultima vez que se ejecuto ETL 2026-06-03
2026-06-04 23:38:27 - INFO - [ActualizacionData] - Iniciando el Procesamiento de la Data
2026-06-04 23:38:27 - INFO - [ActualizacionData] - Se logró cargar la DATABASE, actualmente con 7785 registros
2026-06-04 23:38:27 - INFO - [ActualizacionData] - Se logró cargar la data para actualizar, actualmente con 778 registros
2026-06-04 23:38:27 - INFO - [ActualizacionData] - ETL finalizado, se guardaron los datos en data/db/base.parquet
2026-06-04 23:38:27 - INFO - [ActualizacionData] - Despues de Juntar y eliminar ofertas repetidas quedaron 7691 registros
2026-06-04 23:38:27 - INFO - [ActualizacionData] - Se actualizo la fecha de la ultima vez ETL a --> 2026-06-04
2026-06-04 23:38:27 - INFO - [ActualizacionData] - Se ha actualizado el archivo -->  control_ejecusiones.json
