2026-01-30 22:38:51 - INFO - [TrabajoscomScraper] - **********   Intento 1 de scrapear Trabajoscom  ********************************
2026-01-30 22:38:51 - INFO - [TrabajoscomScraper] - El json control_ejecusiones cargo correctamente
2026-01-30 22:38:51 - INFO - [TrabajoscomScraper] - Ultima vez que se scrapeo Trabajoscom fue 2026-01-30
2026-01-30 22:38:51 - INFO - [TrabajoscomScraper] - Iniciando scraping en plataforma: Trabajoscom
2026-01-30 22:38:53 - INFO - [TrabajoscomScraper] - Pagina 1 cargada correctamente - URL: https://www.trabajos.com/ofertas-empleo/
2026-01-30 22:39:24 - INFO - [TrabajoscomScraper] - Pagina 2 cargada correctamente - URL: https://www.trabajos.com/ofertas-empleo/?CADENA=&IDPAIS=100&=NO&ORD=F&FPV=&MT-FPV=NO&FPB=&MT-FPB=NO&FAR=&MT-FAR=NO&FPF=&MT-FPF=NO&FEM=&MT-FEM=NO&FXM-S-MIN=-1&FXM-S-MAX=-1&FSM-S-MIN=-1&FSM-S-MAX=-1&FSM-TP=A&FJL=&MT-FJL=NO&FTC=&MT-FTC=NO&FBL=&MT-FBL=NO&DESDE=41#google_vignette
2026-01-30 22:39:55 - INFO - [TrabajoscomScraper] - Pagina 3 cargada correctamente - URL: https://www.trabajos.com/ofertas-empleo/?CADENA=&IDPAIS=100&=NO&ORD=F&FPV=&MT-FPV=NO&FPB=&MT-FPB=NO&FAR=&MT-FAR=NO&FPF=&MT-FPF=NO&FEM=&MT-FEM=NO&FXM-S-MIN=-1&FXM-S-MAX=-1&FSM-S-MIN=-1&FSM-S-MAX=-1&FSM-TP=A&FJL=&MT-FJL=NO&FTC=&MT-FTC=NO&FBL=&MT-FBL=NO&DESDE=81#google_vignette
2026-01-30 22:40:26 - INFO - [TrabajoscomScraper] - Pagina 4 cargada correctamente - URL: https://www.trabajos.com/ofertas-empleo/?CADENA=&IDPAIS=100&=NO&ORD=F&FPV=&MT-FPV=NO&FPB=&MT-FPB=NO&FAR=&MT-FAR=NO&FPF=&MT-FPF=NO&FEM=&MT-FEM=NO&FXM-S-MIN=-1&FXM-S-MAX=-1&FSM-S-MIN=-1&FSM-S-MAX=-1&FSM-TP=A&FJL=&MT-FJL=NO&FTC=&MT-FTC=NO&FBL=&MT-FBL=NO&DESDE=121#google_vignette
2026-01-30 22:40:57 - INFO - [TrabajoscomScraper] - Pagina 5 cargada correctamente - URL: https://www.trabajos.com/ofertas-empleo/?CADENA=&IDPAIS=100&=NO&ORD=F&FPV=&MT-FPV=NO&FPB=&MT-FPB=NO&FAR=&MT-FAR=NO&FPF=&MT-FPF=NO&FEM=&MT-FEM=NO&FXM-S-MIN=-1&FXM-S-MAX=-1&FSM-S-MIN=-1&FSM-S-MAX=-1&FSM-TP=A&FJL=&MT-FJL=NO&FTC=&MT-FTC=NO&FBL=&MT-FBL=NO&DESDE=161#google_vignette
2026-01-30 22:41:29 - INFO - [TrabajoscomScraper] - Pagina 6 cargada correctamente - URL: https://www.trabajos.com/ofertas-empleo/?CADENA=&IDPAIS=100&=NO&ORD=F&FPV=&MT-FPV=NO&FPB=&MT-FPB=NO&FAR=&MT-FAR=NO&FPF=&MT-FPF=NO&FEM=&MT-FEM=NO&FXM-S-MIN=-1&FXM-S-MAX=-1&FSM-S-MIN=-1&FSM-S-MAX=-1&FSM-TP=A&FJL=&MT-FJL=NO&FTC=&MT-FTC=NO&FBL=&MT-FBL=NO&DESDE=201#google_vignette
2026-01-30 22:42:00 - INFO - [TrabajoscomScraper] - Pagina 7 cargada correctamente - URL: https://www.trabajos.com/ofertas-empleo/?CADENA=&IDPAIS=100&=NO&ORD=F&FPV=&MT-FPV=NO&FPB=&MT-FPB=NO&FAR=&MT-FAR=NO&FPF=&MT-FPF=NO&FEM=&MT-FEM=NO&FXM-S-MIN=-1&FXM-S-MAX=-1&FSM-S-MIN=-1&FSM-S-MAX=-1&FSM-TP=A&FJL=&MT-FJL=NO&FTC=&MT-FTC=NO&FBL=&MT-FBL=NO&DESDE=241#google_vignette
2026-01-30 22:42:31 - INFO - [TrabajoscomScraper] - Pagina 8 cargada correctamente - URL: https://www.trabajos.com/ofertas-empleo/?CADENA=&IDPAIS=100&=NO&ORD=F&FPV=&MT-FPV=NO&FPB=&MT-FPB=NO&FAR=&MT-FAR=NO&FPF=&MT-FPF=NO&FEM=&MT-FEM=NO&FXM-S-MIN=-1&FXM-S-MAX=-1&FSM-S-MIN=-1&FSM-S-MAX=-1&FSM-TP=A&FJL=&MT-FJL=NO&FTC=&MT-FTC=NO&FBL=&MT-FBL=NO&DESDE=281#google_vignette
2026-01-30 22:43:02 - INFO - [TrabajoscomScraper] - Pagina 9 cargada correctamente - URL: https://www.trabajos.com/ofertas-empleo/?CADENA=&IDPAIS=100&=NO&ORD=F&FPV=&MT-FPV=NO&FPB=&MT-FPB=NO&FAR=&MT-FAR=NO&FPF=&MT-FPF=NO&FEM=&MT-FEM=NO&FXM-S-MIN=-1&FXM-S-MAX=-1&FSM-S-MIN=-1&FSM-S-MAX=-1&FSM-TP=A&FJL=&MT-FJL=NO&FTC=&MT-FTC=NO&FBL=&MT-FBL=NO&DESDE=321#google_vignette
2026-01-30 22:43:33 - INFO - [TrabajoscomScraper] - Pagina 10 cargada correctamente - URL: https://www.trabajos.com/ofertas-empleo/?CADENA=&IDPAIS=100&=NO&ORD=F&FPV=&MT-FPV=NO&FPB=&MT-FPB=NO&FAR=&MT-FAR=NO&FPF=&MT-FPF=NO&FEM=&MT-FEM=NO&FXM-S-MIN=-1&FXM-S-MAX=-1&FSM-S-MIN=-1&FSM-S-MAX=-1&FSM-TP=A&FJL=&MT-FJL=NO&FTC=&MT-FTC=NO&FBL=&MT-FBL=NO&DESDE=361#google_vignette
2026-01-30 22:44:04 - INFO - [TrabajoscomScraper] - Pagina 11 cargada correctamente - URL: https://www.trabajos.com/ofertas-empleo/?CADENA=&IDPAIS=100&=NO&ORD=F&FPV=&MT-FPV=NO&FPB=&MT-FPB=NO&FAR=&MT-FAR=NO&FPF=&MT-FPF=NO&FEM=&MT-FEM=NO&FXM-S-MIN=-1&FXM-S-MAX=-1&FSM-S-MIN=-1&FSM-S-MAX=-1&FSM-TP=A&FJL=&MT-FJL=NO&FTC=&MT-FTC=NO&FBL=&MT-FBL=NO&DESDE=401#google_vignette
2026-01-30 22:44:36 - INFO - [TrabajoscomScraper] - Pagina 12 cargada correctamente - URL: https://www.trabajos.com/ofertas-empleo/?CADENA=&IDPAIS=100&=NO&ORD=F&FPV=&MT-FPV=NO&FPB=&MT-FPB=NO&FAR=&MT-FAR=NO&FPF=&MT-FPF=NO&FEM=&MT-FEM=NO&FXM-S-MIN=-1&FXM-S-MAX=-1&FSM-S-MIN=-1&FSM-S-MAX=-1&FSM-TP=A&FJL=&MT-FJL=NO&FTC=&MT-FTC=NO&FBL=&MT-FBL=NO&DESDE=441#google_vignette
2026-01-30 22:45:07 - INFO - [TrabajoscomScraper] - Pagina 13 cargada correctamente - URL: https://www.trabajos.com/ofertas-empleo/?CADENA=&IDPAIS=100&=NO&ORD=F&FPV=&MT-FPV=NO&FPB=&MT-FPB=NO&FAR=&MT-FAR=NO&FPF=&MT-FPF=NO&FEM=&MT-FEM=NO&FXM-S-MIN=-1&FXM-S-MAX=-1&FSM-S-MIN=-1&FSM-S-MAX=-1&FSM-TP=A&FJL=&MT-FJL=NO&FTC=&MT-FTC=NO&FBL=&MT-FBL=NO&DESDE=481#google_vignette
2026-01-30 22:45:37 - INFO - [TrabajoscomScraper] - Pagina 14 cargada correctamente - URL: https://www.trabajos.com/ofertas-empleo/?CADENA=&IDPAIS=100&=NO&ORD=F&FPV=&MT-FPV=NO&FPB=&MT-FPB=NO&FAR=&MT-FAR=NO&FPF=&MT-FPF=NO&FEM=&MT-FEM=NO&FXM-S-MIN=-1&FXM-S-MAX=-1&FSM-S-MIN=-1&FSM-S-MAX=-1&FSM-TP=A&FJL=&MT-FJL=NO&FTC=&MT-FTC=NO&FBL=&MT-FBL=NO&DESDE=521#google_vignette
2026-01-30 22:46:09 - INFO - [TrabajoscomScraper] - Pagina 15 cargada correctamente - URL: https://www.trabajos.com/ofertas-empleo/?CADENA=&IDPAIS=100&=NO&ORD=F&FPV=&MT-FPV=NO&FPB=&MT-FPB=NO&FAR=&MT-FAR=NO&FPF=&MT-FPF=NO&FEM=&MT-FEM=NO&FXM-S-MIN=-1&FXM-S-MAX=-1&FSM-S-MIN=-1&FSM-S-MAX=-1&FSM-TP=A&FJL=&MT-FJL=NO&FTC=&MT-FTC=NO&FBL=&MT-FBL=NO&DESDE=561#google_vignette
2026-01-30 22:46:40 - INFO - [TrabajoscomScraper] - Pagina 16 cargada correctamente - URL: https://www.trabajos.com/ofertas-empleo/?CADENA=&IDPAIS=100&=NO&ORD=F&FPV=&MT-FPV=NO&FPB=&MT-FPB=NO&FAR=&MT-FAR=NO&FPF=&MT-FPF=NO&FEM=&MT-FEM=NO&FXM-S-MIN=-1&FXM-S-MAX=-1&FSM-S-MIN=-1&FSM-S-MAX=-1&FSM-TP=A&FJL=&MT-FJL=NO&FTC=&MT-FTC=NO&FBL=&MT-FBL=NO&DESDE=601#google_vignette
2026-01-30 22:47:11 - INFO - [TrabajoscomScraper] - Pagina 17 cargada correctamente - URL: https://www.trabajos.com/ofertas-empleo/?CADENA=&IDPAIS=100&=NO&ORD=F&FPV=&MT-FPV=NO&FPB=&MT-FPB=NO&FAR=&MT-FAR=NO&FPF=&MT-FPF=NO&FEM=&MT-FEM=NO&FXM-S-MIN=-1&FXM-S-MAX=-1&FSM-S-MIN=-1&FSM-S-MAX=-1&FSM-TP=A&FJL=&MT-FJL=NO&FTC=&MT-FTC=NO&FBL=&MT-FBL=NO&DESDE=641#google_vignette
2026-01-30 22:47:42 - INFO - [TrabajoscomScraper] - Pagina 18 cargada correctamente - URL: https://www.trabajos.com/ofertas-empleo/?CADENA=&IDPAIS=100&=NO&ORD=F&FPV=&MT-FPV=NO&FPB=&MT-FPB=NO&FAR=&MT-FAR=NO&FPF=&MT-FPF=NO&FEM=&MT-FEM=NO&FXM-S-MIN=-1&FXM-S-MAX=-1&FSM-S-MIN=-1&FSM-S-MAX=-1&FSM-TP=A&FJL=&MT-FJL=NO&FTC=&MT-FTC=NO&FBL=&MT-FBL=NO&DESDE=681#google_vignette
2026-01-30 22:48:13 - INFO - [TrabajoscomScraper] - Pagina 19 cargada correctamente - URL: https://www.trabajos.com/ofertas-empleo/?CADENA=&IDPAIS=100&=NO&ORD=F&FPV=&MT-FPV=NO&FPB=&MT-FPB=NO&FAR=&MT-FAR=NO&FPF=&MT-FPF=NO&FEM=&MT-FEM=NO&FXM-S-MIN=-1&FXM-S-MAX=-1&FSM-S-MIN=-1&FSM-S-MAX=-1&FSM-TP=A&FJL=&MT-FJL=NO&FTC=&MT-FTC=NO&FBL=&MT-FBL=NO&DESDE=721#google_vignette
2026-01-30 22:48:44 - INFO - [TrabajoscomScraper] - Pagina 20 cargada correctamente - URL: https://www.trabajos.com/ofertas-empleo/?CADENA=&IDPAIS=100&=NO&ORD=F&FPV=&MT-FPV=NO&FPB=&MT-FPB=NO&FAR=&MT-FAR=NO&FPF=&MT-FPF=NO&FEM=&MT-FEM=NO&FXM-S-MIN=-1&FXM-S-MAX=-1&FSM-S-MIN=-1&FSM-S-MAX=-1&FSM-TP=A&FJL=&MT-FJL=NO&FTC=&MT-FTC=NO&FBL=&MT-FBL=NO&DESDE=761#google_vignette
2026-01-30 22:49:15 - INFO - [TrabajoscomScraper] - Pagina 21 cargada correctamente - URL: https://www.trabajos.com/ofertas-empleo/?CADENA=&IDPAIS=100&=NO&ORD=F&FPV=&MT-FPV=NO&FPB=&MT-FPB=NO&FAR=&MT-FAR=NO&FPF=&MT-FPF=NO&FEM=&MT-FEM=NO&FXM-S-MIN=-1&FXM-S-MAX=-1&FSM-S-MIN=-1&FSM-S-MAX=-1&FSM-TP=A&FJL=&MT-FJL=NO&FTC=&MT-FTC=NO&FBL=&MT-FBL=NO&DESDE=801#google_vignette
2026-01-30 22:49:46 - INFO - [TrabajoscomScraper] - Pagina 22 cargada correctamente - URL: https://www.trabajos.com/ofertas-empleo/?CADENA=&IDPAIS=100&=NO&ORD=F&FPV=&MT-FPV=NO&FPB=&MT-FPB=NO&FAR=&MT-FAR=NO&FPF=&MT-FPF=NO&FEM=&MT-FEM=NO&FXM-S-MIN=-1&FXM-S-MAX=-1&FSM-S-MIN=-1&FSM-S-MAX=-1&FSM-TP=A&FJL=&MT-FJL=NO&FTC=&MT-FTC=NO&FBL=&MT-FBL=NO&DESDE=841#google_vignette
2026-01-30 22:49:46 - INFO - [TrabajoscomScraper] - Scraping finalizado. Datos guardados en: data/historico_scraping/Trabajoscom_2026-01-30.csv
2026-01-30 22:49:46 - INFO - [TrabajoscomScraper] - Se actualizo la fecha de la ultima vez scraper a --> 2026-01-30
2026-01-30 22:49:46 - INFO - [TrabajoscomScraper] - Se ha actualizado el archivo -->  control_ejecusiones.json
