2025-08-31 09:58:20 - INFO - [Despertar-api] - Inicio del ciclo 1 de la hora 9
2025-08-31 09:58:20 - INFO - [Despertar-api] - El json control_ejecusiones cargo correctamente
2025-08-31 09:59:22 - INFO - [Despertar-api] - EL status code fue 200 despertando a la API
2025-08-31 10:09:22 - INFO - [Despertar-api] - Inicio del ciclo 2 de la hora 9
2025-08-31 10:09:22 - INFO - [Despertar-api] - El json control_ejecusiones cargo correctamente
2025-08-31 10:09:22 - INFO - [Despertar-api] - EL status code fue 200 despertando a la API
2025-08-31 10:19:22 - INFO - [Despertar-api] - Inicio del ciclo 3 de la hora 9
2025-08-31 10:19:22 - INFO - [Despertar-api] - El json control_ejecusiones cargo correctamente
2025-08-31 10:19:24 - INFO - [Despertar-api] - EL status code fue 200 despertando a la API
2025-08-31 10:29:24 - INFO - [Despertar-api] - Inicio del ciclo 4 de la hora 9
2025-08-31 10:29:24 - INFO - [Despertar-api] - El json control_ejecusiones cargo correctamente
2025-08-31 10:29:25 - INFO - [Despertar-api] - EL status code fue 200 despertando a la API
2025-08-31 10:39:25 - INFO - [Despertar-api] - Se actualizo el archivo de control de ejecusiones
2025-08-31 10:42:49 - INFO - [Despertar-api] - Inicio del ciclo 1 de la hora 10
2025-08-31 10:42:49 - INFO - [Despertar-api] - El json control_ejecusiones cargo correctamente
2025-08-31 10:42:50 - INFO - [Despertar-api] - EL status code fue 200 despertando a la API
2025-08-31 10:52:50 - INFO - [Despertar-api] - Inicio del ciclo 2 de la hora 10
2025-08-31 10:52:50 - INFO - [Despertar-api] - El json control_ejecusiones cargo correctamente
2025-08-31 10:52:51 - INFO - [Despertar-api] - EL status code fue 200 despertando a la API
2025-08-31 11:20:31 - INFO - [Despertar-api] - Inicio del ciclo 1 de la hora 11
2025-08-31 11:20:31 - INFO - [Despertar-api] - El json control_ejecusiones cargo correctamente
2025-08-31 11:21:33 - INFO - [Despertar-api] - EL status code fue 200 despertando a la API
2025-08-31 11:28:56 - INFO - [Despertar-api] - Inicio del ciclo 1 de la hora 11
2025-08-31 11:28:56 - INFO - [Despertar-api] - El json control_ejecusiones cargo correctamente
2025-08-31 11:28:57 - INFO - [Despertar-api] - EL status code fue 200 despertando a la API
2025-08-31 18:48:49 - INFO - [Despertar-api] - ********* LLAMADA desde algun SCRAPER *************
2025-08-31 18:48:49 - INFO - [Despertar-api] - Inicio del ciclo 1 de la hora 18
2025-08-31 18:48:49 - INFO - [Despertar-api] - El json control_ejecusiones cargo correctamente
