2026-05-08 23:14:00 - INFO - [TecnoempleoScraper] - ************** Intento 1 de scrapear Tecnoempleo  ********************************
2026-05-08 23:14:00 - INFO - [TecnoempleoScraper] - El json control_ejecusiones cargo correctamente
2026-05-08 23:14:00 - INFO - [TecnoempleoScraper] - Ultima vez que se scrapeo Tecnoempleo fue 2025-09-19
2026-05-08 23:14:00 - INFO - [TecnoempleoScraper] - Iniciando scraping en plataforma: Tecnoempleo
2026-05-08 23:14:00 - INFO - [TecnoempleoScraper] - Pagina 1 cargada correctamente - URL: https://www.tecnoempleo.com/ofertas-trabajo/
2026-05-08 23:14:31 - INFO - [TecnoempleoScraper] - Pagina 2 cargada correctamente - URL: https://www.tecnoempleo.com/ofertas-trabajo/?pagina=2
2026-05-08 23:15:01 - INFO - [TecnoempleoScraper] - Pagina 3 cargada correctamente - URL: https://www.tecnoempleo.com/ofertas-trabajo/?pagina=3
2026-05-08 23:15:32 - INFO - [TecnoempleoScraper] - Pagina 4 cargada correctamente - URL: https://www.tecnoempleo.com/ofertas-trabajo/?pagina=4
2026-05-08 23:16:02 - INFO - [TecnoempleoScraper] - Pagina 5 cargada correctamente - URL: https://www.tecnoempleo.com/ofertas-trabajo/?pagina=5
2026-05-08 23:16:33 - INFO - [TecnoempleoScraper] - Pagina 6 cargada correctamente - URL: https://www.tecnoempleo.com/ofertas-trabajo/?pagina=6
2026-05-08 23:17:03 - INFO - [TecnoempleoScraper] - Pagina 7 cargada correctamente - URL: https://www.tecnoempleo.com/ofertas-trabajo/?pagina=7
2026-05-08 23:17:34 - INFO - [TecnoempleoScraper] - Pagina 8 cargada correctamente - URL: https://www.tecnoempleo.com/ofertas-trabajo/?pagina=8
2026-05-08 23:18:04 - INFO - [TecnoempleoScraper] - Pagina 9 cargada correctamente - URL: https://www.tecnoempleo.com/ofertas-trabajo/?pagina=9
2026-05-08 23:18:35 - INFO - [TecnoempleoScraper] - Pagina 10 cargada correctamente - URL: https://www.tecnoempleo.com/ofertas-trabajo/?pagina=10
2026-05-08 23:19:05 - INFO - [TecnoempleoScraper] - Pagina 11 cargada correctamente - URL: https://www.tecnoempleo.com/ofertas-trabajo/?pagina=11
2026-05-08 23:19:36 - INFO - [TecnoempleoScraper] - Pagina 12 cargada correctamente - URL: https://www.tecnoempleo.com/ofertas-trabajo/?pagina=12
2026-05-08 23:20:07 - INFO - [TecnoempleoScraper] - Pagina 13 cargada correctamente - URL: https://www.tecnoempleo.com/ofertas-trabajo/?pagina=13
2026-05-08 23:20:37 - INFO - [TecnoempleoScraper] - Pagina 14 cargada correctamente - URL: https://www.tecnoempleo.com/ofertas-trabajo/?pagina=14
2026-05-08 23:21:08 - INFO - [TecnoempleoScraper] - Pagina 15 cargada correctamente - URL: https://www.tecnoempleo.com/ofertas-trabajo/?pagina=15
2026-05-08 23:21:38 - INFO - [TecnoempleoScraper] - Pagina 16 cargada correctamente - URL: https://www.tecnoempleo.com/ofertas-trabajo/?pagina=16
2026-05-08 23:22:08 - INFO - [TecnoempleoScraper] - Pagina 17 cargada correctamente - URL: https://www.tecnoempleo.com/ofertas-trabajo/?pagina=17
2026-05-08 23:22:39 - INFO - [TecnoempleoScraper] - Pagina 18 cargada correctamente - URL: https://www.tecnoempleo.com/ofertas-trabajo/?pagina=18
2026-05-08 23:23:10 - INFO - [TecnoempleoScraper] - Pagina 19 cargada correctamente - URL: https://www.tecnoempleo.com/ofertas-trabajo/?pagina=19
2026-05-08 23:23:40 - INFO - [TecnoempleoScraper] - Pagina 20 cargada correctamente - URL: https://www.tecnoempleo.com/ofertas-trabajo/?pagina=20
2026-05-08 23:24:11 - INFO - [TecnoempleoScraper] - Pagina 21 cargada correctamente - URL: https://www.tecnoempleo.com/ofertas-trabajo/?pagina=21
2026-05-08 23:24:41 - INFO - [TecnoempleoScraper] - Pagina 22 cargada correctamente - URL: https://www.tecnoempleo.com/ofertas-trabajo/?pagina=22
2026-05-08 23:24:42 - INFO - [TecnoempleoScraper] - Scraping finalizado. Datos guardados en: data/historico_scraping/Tecnoempleo_2026-05-08.csv
2026-05-08 23:24:42 - INFO - [TecnoempleoScraper] - Se actualizo la fecha de la ultima vez scraper a --> 2026-05-08
2026-05-08 23:24:42 - INFO - [TecnoempleoScraper] - Se ha actualizado el archivo -->  control_ejecusiones.json
