2025-09-01 19:15:41 - INFO - [ActualizacionData] - **********  Intento 1 de añadir a la DATABASE y la data del scrapeo del dia 2025-09-01  ********
2025-09-01 19:15:41 - INFO - [ActualizacionData] - El json control_ejecusiones cargo correctamente
2025-09-01 19:15:41 - INFO - [ActualizacionData] - Ultima vez que se scrapeo Randstad fue 2025-08-31
2025-09-01 19:15:41 - INFO - [ActualizacionData] - Iniciando el Procesamiento de la Data
2025-09-01 19:15:41 - INFO - [ActualizacionData] - Se logró cargar la DATABASE, actualmente con 3240 registros
2025-09-01 19:15:41 - INFO - [ActualizacionData] - Se logró cargar la data para actualizar, actualmente con 707 registros
2025-09-01 19:15:42 - INFO - [ActualizacionData] - ETL finalizado, se guardaron los datos en data\db\base.parquet
2025-09-01 19:15:42 - INFO - [ActualizacionData] - Despues de Juntar y eliminar ofertas repetidas quedaron 3703 registros
2025-09-01 19:15:42 - INFO - [ActualizacionData] - Se actualizo la fecha de la ultima vez ETL a --> 2025-09-01
2025-09-01 19:15:42 - INFO - [ActualizacionData] - Se ha actualizado el archivo -->  control_ejecusiones.json
2025-09-01 21:29:31 - INFO - [ActualizacionData] - **********  Intento 1 de añadir a la DATABASE y la data del scrapeo del dia 2025-09-01  ********
2025-09-01 21:29:31 - INFO - [ActualizacionData] - El json control_ejecusiones cargo correctamente
2025-09-01 21:29:31 - INFO - [ActualizacionData] - Ultima vez que se scrapeo Randstad fue 2025-09-01
2025-09-01 21:33:50 - INFO - [ActualizacionData] - **********  Intento 1 de añadir a la DATABASE y la data del scrapeo del dia 2025-09-01  ********
2025-09-01 21:33:50 - INFO - [ActualizacionData] - El json control_ejecusiones cargo correctamente
2025-09-01 21:33:50 - INFO - [ActualizacionData] - Ultima vez que se scrapeo Randstad fue 2025-08-31
2025-09-01 21:33:50 - INFO - [ActualizacionData] - Iniciando el Procesamiento de la Data
2025-09-01 21:33:51 - INFO - [ActualizacionData] - Se logró cargar la DATABASE, actualmente con 3703 registros
2025-09-01 21:33:51 - INFO - [ActualizacionData] - Se logró cargar la data para actualizar, actualmente con 761 registros
2025-09-01 21:33:52 - INFO - [ActualizacionData] - ETL finalizado, se guardaron los datos en data\db\base.parquet
2025-09-01 21:33:52 - INFO - [ActualizacionData] - Despues de Juntar y eliminar ofertas repetidas quedaron 3759 registros
2025-09-01 21:33:52 - INFO - [ActualizacionData] - Se actualizo la fecha de la ultima vez ETL a --> 2025-09-01
2025-09-01 21:33:52 - INFO - [ActualizacionData] - Se ha actualizado el archivo -->  control_ejecusiones.json
