2026-06-26 00:02:00 - INFO - [ActualizacionData] - **********  Intento 1 de añadir a la DATABASE y la data del scrapeo del dia 2026-06-25  ********
2026-06-26 00:02:00 - INFO - [ActualizacionData] - El json control_ejecusiones cargo correctamente
2026-06-26 00:02:00 - INFO - [ActualizacionData] - Ultima vez que se ejecuto ETL 2026-06-24
2026-06-26 00:02:00 - INFO - [ActualizacionData] - Iniciando el Procesamiento de la Data
2026-06-26 00:02:00 - INFO - [ActualizacionData] - Se logró cargar la DATABASE, actualmente con 6940 registros
2026-06-26 00:02:00 - INFO - [ActualizacionData] - Se logró cargar la data para actualizar, actualmente con 815 registros
2026-06-26 00:02:00 - INFO - [ActualizacionData] - ETL finalizado, se guardaron los datos en data/db/base.parquet
2026-06-26 00:02:00 - INFO - [ActualizacionData] - Despues de Juntar y eliminar ofertas repetidas quedaron 7041 registros
2026-06-26 00:02:00 - INFO - [ActualizacionData] - Se actualizo la fecha de la ultima vez ETL a --> 2026-06-25
2026-06-26 00:02:00 - INFO - [ActualizacionData] - Se ha actualizado el archivo -->  control_ejecusiones.json
2026-06-26 23:38:39 - INFO - [ActualizacionData] - **********  Intento 1 de añadir a la DATABASE y la data del scrapeo del dia 2026-06-26  ********
2026-06-26 23:38:39 - INFO - [ActualizacionData] - El json control_ejecusiones cargo correctamente
2026-06-26 23:38:39 - INFO - [ActualizacionData] - Ultima vez que se ejecuto ETL 2026-06-25
2026-06-26 23:38:39 - INFO - [ActualizacionData] - Iniciando el Procesamiento de la Data
2026-06-26 23:38:39 - INFO - [ActualizacionData] - Se logró cargar la DATABASE, actualmente con 7041 registros
2026-06-26 23:38:39 - INFO - [ActualizacionData] - Se logró cargar la data para actualizar, actualmente con 857 registros
2026-06-26 23:38:39 - INFO - [ActualizacionData] - ETL finalizado, se guardaron los datos en data/db/base.parquet
2026-06-26 23:38:39 - INFO - [ActualizacionData] - Despues de Juntar y eliminar ofertas repetidas quedaron 7198 registros
2026-06-26 23:38:39 - INFO - [ActualizacionData] - Se actualizo la fecha de la ultima vez ETL a --> 2026-06-26
2026-06-26 23:38:39 - INFO - [ActualizacionData] - Se ha actualizado el archivo -->  control_ejecusiones.json
