2025-08-29 18:59:26 - INFO - [TecnoempleoScraper] - Intento 1 de scrapear Tecnoempleo
2025-08-29 18:59:26 - INFO - [TecnoempleoScraper] - El json control_ejecusiones cargo correctamente
2025-08-29 18:59:26 - INFO - [TecnoempleoScraper] - Ultima vez que se scrapeo Tecnoempleo fue 2025-08-28
2025-08-29 18:59:26 - INFO - [TecnoempleoScraper] - Iniciando scraping en plataforma: Tecnoempleo
2025-08-29 18:59:27 - INFO - [TecnoempleoScraper] - Pagina 1 cargada correctamente - URL: https://www.tecnoempleo.com/ofertas-trabajo/
2025-08-29 19:00:28 - INFO - [TecnoempleoScraper] - Pagina 2 cargada correctamente - URL: https://www.tecnoempleo.com/ofertas-trabajo/?pagina=2
2025-08-29 19:01:29 - INFO - [TecnoempleoScraper] - Pagina 3 cargada correctamente - URL: https://www.tecnoempleo.com/ofertas-trabajo/?pagina=3
2025-08-29 19:02:31 - INFO - [TecnoempleoScraper] - Pagina 4 cargada correctamente - URL: https://www.tecnoempleo.com/ofertas-trabajo/?pagina=4
2025-08-29 19:03:32 - INFO - [TecnoempleoScraper] - Pagina 5 cargada correctamente - URL: https://www.tecnoempleo.com/ofertas-trabajo/?pagina=5
2025-08-29 19:04:33 - INFO - [TecnoempleoScraper] - Pagina 6 cargada correctamente - URL: https://www.tecnoempleo.com/ofertas-trabajo/?pagina=6
2025-08-29 19:05:35 - INFO - [TecnoempleoScraper] - Pagina 7 cargada correctamente - URL: https://www.tecnoempleo.com/ofertas-trabajo/?pagina=7
2025-08-29 19:06:36 - INFO - [TecnoempleoScraper] - Pagina 8 cargada correctamente - URL: https://www.tecnoempleo.com/ofertas-trabajo/?pagina=8
2025-08-29 19:07:36 - INFO - [TecnoempleoScraper] - Pagina 9 cargada correctamente - URL: https://www.tecnoempleo.com/ofertas-trabajo/?pagina=9
2025-08-29 19:08:38 - INFO - [TecnoempleoScraper] - Pagina 10 cargada correctamente - URL: https://www.tecnoempleo.com/ofertas-trabajo/?pagina=10
2025-08-29 19:09:39 - INFO - [TecnoempleoScraper] - Pagina 11 cargada correctamente - URL: https://www.tecnoempleo.com/ofertas-trabajo/?pagina=11
2025-08-29 19:10:41 - INFO - [TecnoempleoScraper] - Pagina 12 cargada correctamente - URL: https://www.tecnoempleo.com/ofertas-trabajo/?pagina=12
2025-08-29 19:11:42 - INFO - [TecnoempleoScraper] - Pagina 13 cargada correctamente - URL: https://www.tecnoempleo.com/ofertas-trabajo/?pagina=13
2025-08-29 19:12:43 - INFO - [TecnoempleoScraper] - Pagina 14 cargada correctamente - URL: https://www.tecnoempleo.com/ofertas-trabajo/?pagina=14
2025-08-29 19:12:43 - INFO - [TecnoempleoScraper] - Scraping finalizado. Datos guardados en: data\historico_scraping\Tecnoempleo_2025-08-29.csv
2025-08-29 19:12:43 - INFO - [TecnoempleoScraper] - Se actualizo la fecha de la ultima vez scraper a --> 2025-08-29
2025-08-29 19:12:43 - INFO - [TecnoempleoScraper] - Se ha actualizado el archivo -->  control_ejecusiones.json
