2025-08-31 11:20:28 - INFO - [RandstadScraper] - Intento 1 de scrapear Randstad
2025-08-31 11:20:28 - INFO - [RandstadScraper] - El json control_ejecusiones cargo correctamente
2025-08-31 11:20:28 - INFO - [RandstadScraper] - Ultima vez que se scrapeo Randstad fue 2025-08-30
2025-08-31 11:20:28 - INFO - [RandstadScraper] - Iniciando scraping en plataforma: Randstad
2025-08-31 11:20:31 - INFO - [RandstadScraper] - Pagina 1 cargada correctamente - URL: https://www.randstad.es/candidatos/ofertas-empleo/sa-1100/st-3/jp-50/
2025-08-31 11:20:31 - INFO - [RandstadScraper] - Scraping finalizado. Datos guardados en: data\historico_scraping\Randstad_2025-08-31.csv
2025-08-31 11:20:31 - INFO - [RandstadScraper] - Se actualizo la fecha de la ultima vez scraper a --> 2025-08-31
2025-08-31 11:20:31 - INFO - [RandstadScraper] - Se ha actualizado el archivo -->  control_ejecusiones.json
2025-08-31 11:28:52 - INFO - [RandstadScraper] - Intento 1 de scrapear Randstad
2025-08-31 11:28:52 - INFO - [RandstadScraper] - El json control_ejecusiones cargo correctamente
2025-08-31 11:28:52 - INFO - [RandstadScraper] - Ultima vez que se scrapeo Randstad fue 2025-08-30
2025-08-31 11:28:52 - INFO - [RandstadScraper] - Iniciando scraping en plataforma: Randstad
2025-08-31 11:28:56 - INFO - [RandstadScraper] - Pagina 1 cargada correctamente - URL: https://www.randstad.es/candidatos/ofertas-empleo/sa-1100/st-3/jp-50/
2025-08-31 11:28:56 - INFO - [RandstadScraper] - Scraping finalizado. Datos guardados en: data\historico_scraping\Randstad_2025-08-31.csv
2025-08-31 11:28:56 - INFO - [RandstadScraper] - Se actualizo la fecha de la ultima vez scraper a --> 2025-08-31
2025-08-31 11:28:56 - INFO - [RandstadScraper] - Se ha actualizado el archivo -->  control_ejecusiones.json
2025-08-31 18:48:45 - INFO - [RandstadScraper] - Intento 1 de scrapear Randstad
2025-08-31 18:48:45 - INFO - [RandstadScraper] - El json control_ejecusiones cargo correctamente
2025-08-31 18:48:45 - INFO - [RandstadScraper] - Ultima vez que se scrapeo Randstad fue 2025-08-30
2025-08-31 18:48:45 - INFO - [RandstadScraper] - Iniciando scraping en plataforma: Randstad
2025-08-31 18:48:48 - INFO - [RandstadScraper] - Pagina 1 cargada correctamente - URL: https://www.randstad.es/candidatos/ofertas-empleo/sa-1100/st-3/jp-50/
2025-08-31 18:48:49 - INFO - [RandstadScraper] - Scraping finalizado. Datos guardados en: data\historico_scraping\Randstad_2025-08-31.csv
2025-08-31 18:48:49 - INFO - [RandstadScraper] - Se actualizo la fecha de la ultima vez scraper a --> 2025-08-31
2025-08-31 18:48:49 - INFO - [RandstadScraper] - Se ha actualizado el archivo -->  control_ejecusiones.json
