2026-05-08 23:24:42 - INFO - [TrabajoscomScraper] - **********   Intento 1 de scrapear Trabajoscom  ********************************
2026-05-08 23:24:42 - INFO - [TrabajoscomScraper] - El json control_ejecusiones cargo correctamente
2026-05-08 23:24:42 - INFO - [TrabajoscomScraper] - Ultima vez que se scrapeo Trabajoscom fue 2026-05-08
2026-05-08 23:24:42 - INFO - [TrabajoscomScraper] - Iniciando scraping en plataforma: Trabajoscom
2026-05-08 23:24:43 - INFO - [TrabajoscomScraper] - Pagina 1 cargada correctamente - URL: https://www.trabajos.com/ofertas-empleo/
2026-05-08 23:25:14 - INFO - [TrabajoscomScraper] - Pagina 2 cargada correctamente - URL: https://www.trabajos.com/ofertas-empleo/?CADENA=&IDPAIS=100&=NO&ORD=F&FPV=&MT-FPV=NO&FPB=&MT-FPB=NO&FAR=&MT-FAR=NO&FPF=&MT-FPF=NO&FEM=&MT-FEM=NO&FXM-S-MIN=-1&FXM-S-MAX=-1&FSM-S-MIN=-1&FSM-S-MAX=-1&FSM-TP=A&FJL=&MT-FJL=NO&FTC=&MT-FTC=NO&FBL=&MT-FBL=NO&DESDE=41#google_vignette
2026-05-08 23:25:45 - INFO - [TrabajoscomScraper] - Pagina 3 cargada correctamente - URL: https://www.trabajos.com/ofertas-empleo/?CADENA=&IDPAIS=100&=NO&ORD=F&FPV=&MT-FPV=NO&FPB=&MT-FPB=NO&FAR=&MT-FAR=NO&FPF=&MT-FPF=NO&FEM=&MT-FEM=NO&FXM-S-MIN=-1&FXM-S-MAX=-1&FSM-S-MIN=-1&FSM-S-MAX=-1&FSM-TP=A&FJL=&MT-FJL=NO&FTC=&MT-FTC=NO&FBL=&MT-FBL=NO&DESDE=81#google_vignette
2026-05-08 23:26:16 - INFO - [TrabajoscomScraper] - Pagina 4 cargada correctamente - URL: https://www.trabajos.com/ofertas-empleo/?CADENA=&IDPAIS=100&=NO&ORD=F&FPV=&MT-FPV=NO&FPB=&MT-FPB=NO&FAR=&MT-FAR=NO&FPF=&MT-FPF=NO&FEM=&MT-FEM=NO&FXM-S-MIN=-1&FXM-S-MAX=-1&FSM-S-MIN=-1&FSM-S-MAX=-1&FSM-TP=A&FJL=&MT-FJL=NO&FTC=&MT-FTC=NO&FBL=&MT-FBL=NO&DESDE=121#google_vignette
2026-05-08 23:26:48 - INFO - [TrabajoscomScraper] - Pagina 5 cargada correctamente - URL: https://www.trabajos.com/ofertas-empleo/?CADENA=&IDPAIS=100&=NO&ORD=F&FPV=&MT-FPV=NO&FPB=&MT-FPB=NO&FAR=&MT-FAR=NO&FPF=&MT-FPF=NO&FEM=&MT-FEM=NO&FXM-S-MIN=-1&FXM-S-MAX=-1&FSM-S-MIN=-1&FSM-S-MAX=-1&FSM-TP=A&FJL=&MT-FJL=NO&FTC=&MT-FTC=NO&FBL=&MT-FBL=NO&DESDE=161#google_vignette
2026-05-08 23:27:19 - INFO - [TrabajoscomScraper] - Pagina 6 cargada correctamente - URL: https://www.trabajos.com/ofertas-empleo/?CADENA=&IDPAIS=100&=NO&ORD=F&FPV=&MT-FPV=NO&FPB=&MT-FPB=NO&FAR=&MT-FAR=NO&FPF=&MT-FPF=NO&FEM=&MT-FEM=NO&FXM-S-MIN=-1&FXM-S-MAX=-1&FSM-S-MIN=-1&FSM-S-MAX=-1&FSM-TP=A&FJL=&MT-FJL=NO&FTC=&MT-FTC=NO&FBL=&MT-FBL=NO&DESDE=201#google_vignette
2026-05-08 23:27:50 - INFO - [TrabajoscomScraper] - Pagina 7 cargada correctamente - URL: https://www.trabajos.com/ofertas-empleo/?CADENA=&IDPAIS=100&=NO&ORD=F&FPV=&MT-FPV=NO&FPB=&MT-FPB=NO&FAR=&MT-FAR=NO&FPF=&MT-FPF=NO&FEM=&MT-FEM=NO&FXM-S-MIN=-1&FXM-S-MAX=-1&FSM-S-MIN=-1&FSM-S-MAX=-1&FSM-TP=A&FJL=&MT-FJL=NO&FTC=&MT-FTC=NO&FBL=&MT-FBL=NO&DESDE=241#google_vignette
2026-05-08 23:28:21 - INFO - [TrabajoscomScraper] - Pagina 8 cargada correctamente - URL: https://www.trabajos.com/ofertas-empleo/?CADENA=&IDPAIS=100&=NO&ORD=F&FPV=&MT-FPV=NO&FPB=&MT-FPB=NO&FAR=&MT-FAR=NO&FPF=&MT-FPF=NO&FEM=&MT-FEM=NO&FXM-S-MIN=-1&FXM-S-MAX=-1&FSM-S-MIN=-1&FSM-S-MAX=-1&FSM-TP=A&FJL=&MT-FJL=NO&FTC=&MT-FTC=NO&FBL=&MT-FBL=NO&DESDE=281#google_vignette
2026-05-08 23:28:52 - INFO - [TrabajoscomScraper] - Pagina 9 cargada correctamente - URL: https://www.trabajos.com/ofertas-empleo/?CADENA=&IDPAIS=100&=NO&ORD=F&FPV=&MT-FPV=NO&FPB=&MT-FPB=NO&FAR=&MT-FAR=NO&FPF=&MT-FPF=NO&FEM=&MT-FEM=NO&FXM-S-MIN=-1&FXM-S-MAX=-1&FSM-S-MIN=-1&FSM-S-MAX=-1&FSM-TP=A&FJL=&MT-FJL=NO&FTC=&MT-FTC=NO&FBL=&MT-FBL=NO&DESDE=321#google_vignette
2026-05-08 23:29:23 - INFO - [TrabajoscomScraper] - Pagina 10 cargada correctamente - URL: https://www.trabajos.com/ofertas-empleo/?CADENA=&IDPAIS=100&=NO&ORD=F&FPV=&MT-FPV=NO&FPB=&MT-FPB=NO&FAR=&MT-FAR=NO&FPF=&MT-FPF=NO&FEM=&MT-FEM=NO&FXM-S-MIN=-1&FXM-S-MAX=-1&FSM-S-MIN=-1&FSM-S-MAX=-1&FSM-TP=A&FJL=&MT-FJL=NO&FTC=&MT-FTC=NO&FBL=&MT-FBL=NO&DESDE=361#google_vignette
2026-05-08 23:29:54 - INFO - [TrabajoscomScraper] - Pagina 11 cargada correctamente - URL: https://www.trabajos.com/ofertas-empleo/?CADENA=&IDPAIS=100&=NO&ORD=F&FPV=&MT-FPV=NO&FPB=&MT-FPB=NO&FAR=&MT-FAR=NO&FPF=&MT-FPF=NO&FEM=&MT-FEM=NO&FXM-S-MIN=-1&FXM-S-MAX=-1&FSM-S-MIN=-1&FSM-S-MAX=-1&FSM-TP=A&FJL=&MT-FJL=NO&FTC=&MT-FTC=NO&FBL=&MT-FBL=NO&DESDE=401#google_vignette
2026-05-08 23:30:25 - INFO - [TrabajoscomScraper] - Pagina 12 cargada correctamente - URL: https://www.trabajos.com/ofertas-empleo/?CADENA=&IDPAIS=100&=NO&ORD=F&FPV=&MT-FPV=NO&FPB=&MT-FPB=NO&FAR=&MT-FAR=NO&FPF=&MT-FPF=NO&FEM=&MT-FEM=NO&FXM-S-MIN=-1&FXM-S-MAX=-1&FSM-S-MIN=-1&FSM-S-MAX=-1&FSM-TP=A&FJL=&MT-FJL=NO&FTC=&MT-FTC=NO&FBL=&MT-FBL=NO&DESDE=441#google_vignette
2026-05-08 23:30:56 - INFO - [TrabajoscomScraper] - Pagina 13 cargada correctamente - URL: https://www.trabajos.com/ofertas-empleo/?CADENA=&IDPAIS=100&=NO&ORD=F&FPV=&MT-FPV=NO&FPB=&MT-FPB=NO&FAR=&MT-FAR=NO&FPF=&MT-FPF=NO&FEM=&MT-FEM=NO&FXM-S-MIN=-1&FXM-S-MAX=-1&FSM-S-MIN=-1&FSM-S-MAX=-1&FSM-TP=A&FJL=&MT-FJL=NO&FTC=&MT-FTC=NO&FBL=&MT-FBL=NO&DESDE=481#google_vignette
2026-05-08 23:31:27 - INFO - [TrabajoscomScraper] - Pagina 14 cargada correctamente - URL: https://www.trabajos.com/ofertas-empleo/?CADENA=&IDPAIS=100&=NO&ORD=F&FPV=&MT-FPV=NO&FPB=&MT-FPB=NO&FAR=&MT-FAR=NO&FPF=&MT-FPF=NO&FEM=&MT-FEM=NO&FXM-S-MIN=-1&FXM-S-MAX=-1&FSM-S-MIN=-1&FSM-S-MAX=-1&FSM-TP=A&FJL=&MT-FJL=NO&FTC=&MT-FTC=NO&FBL=&MT-FBL=NO&DESDE=521#google_vignette
2026-05-08 23:31:58 - INFO - [TrabajoscomScraper] - Pagina 15 cargada correctamente - URL: https://www.trabajos.com/ofertas-empleo/?CADENA=&IDPAIS=100&=NO&ORD=F&FPV=&MT-FPV=NO&FPB=&MT-FPB=NO&FAR=&MT-FAR=NO&FPF=&MT-FPF=NO&FEM=&MT-FEM=NO&FXM-S-MIN=-1&FXM-S-MAX=-1&FSM-S-MIN=-1&FSM-S-MAX=-1&FSM-TP=A&FJL=&MT-FJL=NO&FTC=&MT-FTC=NO&FBL=&MT-FBL=NO&DESDE=561#google_vignette
2026-05-08 23:32:29 - INFO - [TrabajoscomScraper] - Pagina 16 cargada correctamente - URL: https://www.trabajos.com/ofertas-empleo/?CADENA=&IDPAIS=100&=NO&ORD=F&FPV=&MT-FPV=NO&FPB=&MT-FPB=NO&FAR=&MT-FAR=NO&FPF=&MT-FPF=NO&FEM=&MT-FEM=NO&FXM-S-MIN=-1&FXM-S-MAX=-1&FSM-S-MIN=-1&FSM-S-MAX=-1&FSM-TP=A&FJL=&MT-FJL=NO&FTC=&MT-FTC=NO&FBL=&MT-FBL=NO&DESDE=601#google_vignette
2026-05-08 23:33:00 - INFO - [TrabajoscomScraper] - Pagina 17 cargada correctamente - URL: https://www.trabajos.com/ofertas-empleo/?CADENA=&IDPAIS=100&=NO&ORD=F&FPV=&MT-FPV=NO&FPB=&MT-FPB=NO&FAR=&MT-FAR=NO&FPF=&MT-FPF=NO&FEM=&MT-FEM=NO&FXM-S-MIN=-1&FXM-S-MAX=-1&FSM-S-MIN=-1&FSM-S-MAX=-1&FSM-TP=A&FJL=&MT-FJL=NO&FTC=&MT-FTC=NO&FBL=&MT-FBL=NO&DESDE=641#google_vignette
2026-05-08 23:33:31 - INFO - [TrabajoscomScraper] - Pagina 18 cargada correctamente - URL: https://www.trabajos.com/ofertas-empleo/?CADENA=&IDPAIS=100&=NO&ORD=F&FPV=&MT-FPV=NO&FPB=&MT-FPB=NO&FAR=&MT-FAR=NO&FPF=&MT-FPF=NO&FEM=&MT-FEM=NO&FXM-S-MIN=-1&FXM-S-MAX=-1&FSM-S-MIN=-1&FSM-S-MAX=-1&FSM-TP=A&FJL=&MT-FJL=NO&FTC=&MT-FTC=NO&FBL=&MT-FBL=NO&DESDE=681#google_vignette
2026-05-08 23:34:02 - INFO - [TrabajoscomScraper] - Pagina 19 cargada correctamente - URL: https://www.trabajos.com/ofertas-empleo/?CADENA=&IDPAIS=100&=NO&ORD=F&FPV=&MT-FPV=NO&FPB=&MT-FPB=NO&FAR=&MT-FAR=NO&FPF=&MT-FPF=NO&FEM=&MT-FEM=NO&FXM-S-MIN=-1&FXM-S-MAX=-1&FSM-S-MIN=-1&FSM-S-MAX=-1&FSM-TP=A&FJL=&MT-FJL=NO&FTC=&MT-FTC=NO&FBL=&MT-FBL=NO&DESDE=721#google_vignette
2026-05-08 23:34:33 - INFO - [TrabajoscomScraper] - Pagina 20 cargada correctamente - URL: https://www.trabajos.com/ofertas-empleo/?CADENA=&IDPAIS=100&=NO&ORD=F&FPV=&MT-FPV=NO&FPB=&MT-FPB=NO&FAR=&MT-FAR=NO&FPF=&MT-FPF=NO&FEM=&MT-FEM=NO&FXM-S-MIN=-1&FXM-S-MAX=-1&FSM-S-MIN=-1&FSM-S-MAX=-1&FSM-TP=A&FJL=&MT-FJL=NO&FTC=&MT-FTC=NO&FBL=&MT-FBL=NO&DESDE=761#google_vignette
2026-05-08 23:35:04 - INFO - [TrabajoscomScraper] - Pagina 21 cargada correctamente - URL: https://www.trabajos.com/ofertas-empleo/?CADENA=&IDPAIS=100&=NO&ORD=F&FPV=&MT-FPV=NO&FPB=&MT-FPB=NO&FAR=&MT-FAR=NO&FPF=&MT-FPF=NO&FEM=&MT-FEM=NO&FXM-S-MIN=-1&FXM-S-MAX=-1&FSM-S-MIN=-1&FSM-S-MAX=-1&FSM-TP=A&FJL=&MT-FJL=NO&FTC=&MT-FTC=NO&FBL=&MT-FBL=NO&DESDE=801#google_vignette
2026-05-08 23:35:05 - INFO - [TrabajoscomScraper] - Scraping finalizado. Datos guardados en: data/historico_scraping/Trabajoscom_2026-05-08.csv
2026-05-08 23:35:05 - INFO - [TrabajoscomScraper] - Se actualizo la fecha de la ultima vez scraper a --> 2026-05-08
2026-05-08 23:35:05 - INFO - [TrabajoscomScraper] - Se ha actualizado el archivo -->  control_ejecusiones.json
